[ 2020-05-08T14:27:35+08:00 ] 127.0.0.1 /
INFO: [ app_init ] --START--
INFO: Run Behavior\BuildLiteBehavior [ RunTime:0.000011s ]
INFO: [ app_init ] --END-- [ RunTime:0.000976s ]
INFO: [ app_begin ] --START--
INFO: Run Behavior\ReadHtmlCacheBehavior [ RunTime:0.000791s ]
INFO: [ app_begin ] --END-- [ RunTime:0.000823s ]
SQL: SHOW COLUMNS FROM `jw_category` [ RunTime:0.0024s ]
SQL: SHOW COLUMNS FROM `jw_content` [ RunTime:0.0018s ]
SQL: SHOW COLUMNS FROM `jw_carousel` [ RunTime:0.0020s ]
SQL: SELECT `title`,`content`,`pic`,`links` FROM `jw_carousel` WHERE ( groupid=5 ) ORDER BY taxis desc,id desc  [ RunTime:0.0007s ]
SQL: SELECT `title`,`content`,`pic`,`links` FROM `jw_carousel` WHERE ( groupid=4 ) ORDER BY taxis desc,id desc  [ RunTime:0.0003s ]
SQL: SELECT `id` FROM `jw_category` WHERE ( pid=133 )  [ RunTime:0.0004s ]
SQL: SELECT `id` FROM `jw_category` WHERE ( pid=134 )  [ RunTime:0.0002s ]
SQL: SELECT `id` FROM `jw_category` WHERE ( pid=135 )  [ RunTime:0.0002s ]
SQL: SELECT `id` FROM `jw_category` WHERE ( pid=136 )  [ RunTime:0.0002s ]
SQL: SELECT `id` FROM `jw_category` WHERE ( pid=137 )  [ RunTime:0.0002s ]
SQL: SELECT `id` FROM `jw_category` WHERE ( pid=138 )  [ RunTime:0.0002s ]
SQL: SELECT `id` FROM `jw_category` WHERE ( pid=151 )  [ RunTime:0.0002s ]
SQL: SELECT a.id,a.cateid,a.catename,a.title,a.one_pic,a.tags,a.savename,a.defaultpic,a.shortcontent,a.addtime,a.links,b.dirname FROM `jw_content`  as a LEFT JOIN jw_category as b ON a.cateid=b.id  WHERE ( a.cateid in(134,135,136,137,138,151,133) ) ORDER BY a.isfocus desc,a.isgood desc,a.taxis desc,a.id desc LIMIT 0,5   [ RunTime:0.0016s ]
SQL: SELECT `title`,`content`,`pic`,`links` FROM `jw_carousel` WHERE ( groupid=3 ) ORDER BY taxis desc,id desc  [ RunTime:0.0002s ]
INFO: [ view_parse ] --START--
INFO: [ template_filter ] --START--
INFO: Run Behavior\ContentReplaceBehavior [ RunTime:0.000158s ]
INFO: [ template_filter ] --END-- [ RunTime:0.000197s ]
NOTIC: [8] Undefined variable: pageArr E:\phpstudy_pro\WWW\guan\Application\Runtime\Cache\Home\2a94b8bda04ff446dcedd42276fc99ee.php 第 6 行.
NOTIC: [8] Undefined variable: pageArr E:\phpstudy_pro\WWW\guan\Application\Runtime\Cache\Home\2a94b8bda04ff446dcedd42276fc99ee.php 第 8 行.
NOTIC: [8] Undefined variable: pageArr E:\phpstudy_pro\WWW\guan\Application\Runtime\Cache\Home\2a94b8bda04ff446dcedd42276fc99ee.php 第 9 行.
INFO: Run Behavior\ParseTemplateBehavior [ RunTime:0.019336s ]
INFO: [ view_parse ] --END-- [ RunTime:0.019366s ]
INFO: [ view_filter ] --START--
INFO: Run Behavior\WriteHtmlCacheBehavior [ RunTime:0.000543s ]
INFO: [ view_filter ] --END-- [ RunTime:0.000570s ]
INFO: [ app_end ] --START--
INFO: Run Behavior\ShowPageTraceBehavior [ RunTime:0.001085s ]
INFO: [ app_end ] --END-- [ RunTime:0.001119s ]

[ 2020-05-08T14:27:35+08:00 ] 127.0.0.1 /index.php/Help/getArticleUserAjax
INFO: [ app_init ] --START--
INFO: Run Behavior\BuildLiteBehavior [ RunTime:0.000010s ]
INFO: [ app_init ] --END-- [ RunTime:0.000389s ]
INFO: [ app_begin ] --START--
INFO: Run Behavior\ReadHtmlCacheBehavior [ RunTime:0.000515s ]
INFO: [ app_begin ] --END-- [ RunTime:0.000546s ]
SQL: SHOW COLUMNS FROM `jw_category` [ RunTime:0.0012s ]
SQL: SHOW COLUMNS FROM `jw_content` [ RunTime:0.0009s ]
SQL: SELECT `id` FROM `jw_category` WHERE ( pid=139 )  [ RunTime:0.0003s ]
SQL: SELECT `id` FROM `jw_category` WHERE ( pid=140 )  [ RunTime:0.0003s ]
SQL: SELECT `id` FROM `jw_category` WHERE ( pid=141 )  [ RunTime:0.0003s ]
SQL: SELECT a.id,a.cateid,a.catename,a.title,a.one_pic,a.tags,a.savename,a.defaultpic,a.shortcontent,a.addtime,a.links,b.dirname FROM `jw_content`  as a LEFT JOIN jw_category as b ON a.cateid=b.id  WHERE ( a.cateid in(140,141,139) ) ORDER BY a.isgood desc,a.isfocus desc,a.taxis desc,a.id desc LIMIT 0,6   [ RunTime:0.0007s ]

[ 2020-05-08T14:27:36+08:00 ] 127.0.0.1 /
INFO: [ app_init ] --START--
INFO: Run Behavior\BuildLiteBehavior [ RunTime:0.000006s ]
INFO: [ app_init ] --END-- [ RunTime:0.000330s ]
INFO: [ app_begin ] --START--
INFO: Run Behavior\ReadHtmlCacheBehavior [ RunTime:0.000429s ]
INFO: [ app_begin ] --END-- [ RunTime:0.000465s ]
SQL: SHOW COLUMNS FROM `jw_category` [ RunTime:0.0011s ]
SQL: SHOW COLUMNS FROM `jw_content` [ RunTime:0.0010s ]
SQL: SHOW COLUMNS FROM `jw_carousel` [ RunTime:0.0007s ]
SQL: SELECT `title`,`content`,`pic`,`links` FROM `jw_carousel` WHERE ( groupid=5 ) ORDER BY taxis desc,id desc  [ RunTime:0.0004s ]
SQL: SELECT `title`,`content`,`pic`,`links` FROM `jw_carousel` WHERE ( groupid=4 ) ORDER BY taxis desc,id desc  [ RunTime:0.0003s ]
SQL: SELECT `id` FROM `jw_category` WHERE ( pid=133 )  [ RunTime:0.0002s ]
SQL: SELECT `id` FROM `jw_category` WHERE ( pid=134 )  [ RunTime:0.0002s ]
SQL: SELECT `id` FROM `jw_category` WHERE ( pid=135 )  [ RunTime:0.0002s ]
SQL: SELECT `id` FROM `jw_category` WHERE ( pid=136 )  [ RunTime:0.0002s ]
SQL: SELECT `id` FROM `jw_category` WHERE ( pid=137 )  [ RunTime:0.0002s ]
SQL: SELECT `id` FROM `jw_category` WHERE ( pid=138 )  [ RunTime:0.0002s ]
SQL: SELECT `id` FROM `jw_category` WHERE ( pid=151 )  [ RunTime:0.0002s ]
SQL: SELECT a.id,a.cateid,a.catename,a.title,a.one_pic,a.tags,a.savename,a.defaultpic,a.shortcontent,a.addtime,a.links,b.dirname FROM `jw_content`  as a LEFT JOIN jw_category as b ON a.cateid=b.id  WHERE ( a.cateid in(134,135,136,137,138,151,133) ) ORDER BY a.isfocus desc,a.isgood desc,a.taxis desc,a.id desc LIMIT 0,5   [ RunTime:0.0005s ]
SQL: SELECT `title`,`content`,`pic`,`links` FROM `jw_carousel` WHERE ( groupid=3 ) ORDER BY taxis desc,id desc  [ RunTime:0.0002s ]
INFO: [ view_parse ] --START--
INFO: [ template_filter ] --START--
INFO: Run Behavior\ContentReplaceBehavior [ RunTime:0.000137s ]
INFO: [ template_filter ] --END-- [ RunTime:0.000169s ]
NOTIC: [8] Undefined variable: pageArr E:\phpstudy_pro\WWW\guan\Application\Runtime\Cache\Home\2a94b8bda04ff446dcedd42276fc99ee.php 第 6 行.
NOTIC: [8] Undefined variable: pageArr E:\phpstudy_pro\WWW\guan\Application\Runtime\Cache\Home\2a94b8bda04ff446dcedd42276fc99ee.php 第 8 行.
NOTIC: [8] Undefined variable: pageArr E:\phpstudy_pro\WWW\guan\Application\Runtime\Cache\Home\2a94b8bda04ff446dcedd42276fc99ee.php 第 9 行.
INFO: Run Behavior\ParseTemplateBehavior [ RunTime:0.019239s ]
INFO: [ view_parse ] --END-- [ RunTime:0.019270s ]
INFO: [ view_filter ] --START--
INFO: Run Behavior\WriteHtmlCacheBehavior [ RunTime:0.000238s ]
INFO: [ view_filter ] --END-- [ RunTime:0.000266s ]
INFO: [ app_end ] --START--
INFO: Run Behavior\ShowPageTraceBehavior [ RunTime:0.000474s ]
INFO: [ app_end ] --END-- [ RunTime:0.000507s ]

