[ 2020-04-21T10:00:46+08:00 ] 127.0.0.1 /
INFO: [ app_init ] --START--
INFO: Run Behavior\BuildLiteBehavior [ RunTime:0.000339s ]
INFO: [ app_init ] --END-- [ RunTime:0.001750s ]
INFO: [ app_begin ] --START--
INFO: Run Behavior\ReadHtmlCacheBehavior [ RunTime:0.000634s ]
INFO: [ app_begin ] --END-- [ RunTime:0.000665s ]
ERR: SQLSTATE[HY000] [1049] Unknown database 'guancn'

[ 2020-04-21T10:00:47+08:00 ] 127.0.0.1 /
INFO: [ app_init ] --START--
INFO: Run Behavior\BuildLiteBehavior [ RunTime:0.000009s ]
INFO: [ app_init ] --END-- [ RunTime:0.000493s ]
INFO: [ app_begin ] --START--
INFO: Run Behavior\ReadHtmlCacheBehavior [ RunTime:0.000558s ]
INFO: [ app_begin ] --END-- [ RunTime:0.000588s ]
ERR: SQLSTATE[HY000] [1049] Unknown database 'guancn'

[ 2020-04-21T10:01:55+08:00 ] 127.0.0.1 /
INFO: [ app_init ] --START--
INFO: Run Behavior\BuildLiteBehavior [ RunTime:0.000008s ]
INFO: [ app_init ] --END-- [ RunTime:0.000512s ]
INFO: [ app_begin ] --START--
INFO: Run Behavior\ReadHtmlCacheBehavior [ RunTime:0.000577s ]
INFO: [ app_begin ] --END-- [ RunTime:0.000608s ]
SQL: SHOW COLUMNS FROM `jw_category` [ RunTime:0.0027s ]
SQL: SHOW COLUMNS FROM `jw_content` [ RunTime:0.0020s ]
SQL: SELECT `id` FROM `jw_category` WHERE ( pid=0 )  [ RunTime:0.0009s ]
SQL: SELECT `id` FROM `jw_category` WHERE ( pid=133 )  [ RunTime:0.0010s ]
SQL: SELECT `id` FROM `jw_category` WHERE ( pid=134 )  [ RunTime:0.0009s ]
SQL: SELECT `id` FROM `jw_category` WHERE ( pid=135 )  [ RunTime:0.0008s ]
SQL: SELECT `id` FROM `jw_category` WHERE ( pid=136 )  [ RunTime:0.0009s ]
SQL: SELECT `id` FROM `jw_category` WHERE ( pid=137 )  [ RunTime:0.0009s ]
SQL: SELECT `id` FROM `jw_category` WHERE ( pid=138 )  [ RunTime:0.0008s ]
SQL: SELECT `id` FROM `jw_category` WHERE ( pid=151 )  [ RunTime:0.0008s ]
SQL: SELECT `id` FROM `jw_category` WHERE ( pid=139 )  [ RunTime:0.0009s ]
SQL: SELECT `id` FROM `jw_category` WHERE ( pid=140 )  [ RunTime:0.0009s ]
SQL: SELECT `id` FROM `jw_category` WHERE ( pid=141 )  [ RunTime:0.0009s ]
SQL: SELECT `id` FROM `jw_category` WHERE ( pid=142 )  [ RunTime:0.0011s ]
SQL: SELECT `id` FROM `jw_category` WHERE ( pid=143 )  [ RunTime:0.0011s ]
SQL: SELECT `id` FROM `jw_category` WHERE ( pid=144 )  [ RunTime:0.0011s ]
SQL: SELECT `id` FROM `jw_category` WHERE ( pid=145 )  [ RunTime:0.0009s ]
SQL: SELECT `id` FROM `jw_category` WHERE ( pid=146 )  [ RunTime:0.0009s ]
SQL: SELECT `id` FROM `jw_category` WHERE ( pid=147 )  [ RunTime:0.0008s ]
SQL: SELECT `id` FROM `jw_category` WHERE ( pid=150 )  [ RunTime:0.0008s ]
SQL: SELECT `id` FROM `jw_category` WHERE ( pid=148 )  [ RunTime:0.0008s ]
SQL: SELECT `id` FROM `jw_category` WHERE ( pid=149 )  [ RunTime:0.0008s ]
SQL: SELECT `id`,`pid`,`catename`,`subtitle`,`dirname`,`links`,`model` FROM `jw_category` WHERE ( id in(133,134,135,136,137,138,151,139,140,141,142,143,144,145,146,147,150,148,149,0) and isnav=1 ) ORDER BY pid asc,taxis desc  [ RunTime:0.0013s ]
SQL: SHOW COLUMNS FROM `jw_carousel` [ RunTime:0.0016s ]
SQL: SELECT `title`,`content`,`pic`,`links` FROM `jw_carousel` WHERE ( groupid=5 ) ORDER BY taxis desc,id desc  [ RunTime:0.0010s ]
SQL: SELECT `title`,`content`,`pic`,`links` FROM `jw_carousel` WHERE ( groupid=4 ) ORDER BY taxis desc,id desc  [ RunTime:0.0009s ]
SQL: SELECT `id` FROM `jw_category` WHERE ( pid=133 )  [ RunTime:0.0008s ]
SQL: SELECT `id` FROM `jw_category` WHERE ( pid=134 )  [ RunTime:0.0008s ]
SQL: SELECT `id` FROM `jw_category` WHERE ( pid=135 )  [ RunTime:0.0008s ]
SQL: SELECT `id` FROM `jw_category` WHERE ( pid=136 )  [ RunTime:0.0008s ]
SQL: SELECT `id` FROM `jw_category` WHERE ( pid=137 )  [ RunTime:0.0008s ]
SQL: SELECT `id` FROM `jw_category` WHERE ( pid=138 )  [ RunTime:0.0008s ]
SQL: SELECT `id` FROM `jw_category` WHERE ( pid=151 )  [ RunTime:0.0008s ]
SQL: SELECT a.id,a.cateid,a.catename,a.title,a.one_pic,a.tags,a.savename,a.defaultpic,a.shortcontent,a.addtime,a.links,b.dirname FROM `jw_content`  as a LEFT JOIN jw_category as b ON a.cateid=b.id  WHERE ( a.cateid in(134,135,136,137,138,151,133) ) ORDER BY a.isfocus desc,a.isgood desc,a.taxis desc,a.id desc LIMIT 0,5   [ RunTime:0.0013s ]
SQL: SELECT `title`,`content`,`pic`,`links` FROM `jw_carousel` WHERE ( groupid=3 ) ORDER BY taxis desc,id desc  [ RunTime:0.0008s ]
INFO: [ view_parse ] --START--
INFO: [ template_filter ] --START--
INFO: Run Behavior\ContentReplaceBehavior [ RunTime:0.000894s ]
INFO: [ template_filter ] --END-- [ RunTime:0.000937s ]
NOTIC: [8] Undefined variable: pageArr E:\phpstudy_pro\WWW\guan\Application\Runtime\Cache\Home\2a94b8bda04ff446dcedd42276fc99ee.php 第 6 行.
NOTIC: [8] Undefined variable: pageArr E:\phpstudy_pro\WWW\guan\Application\Runtime\Cache\Home\2a94b8bda04ff446dcedd42276fc99ee.php 第 8 行.
NOTIC: [8] Undefined variable: pageArr E:\phpstudy_pro\WWW\guan\Application\Runtime\Cache\Home\2a94b8bda04ff446dcedd42276fc99ee.php 第 9 行.
INFO: Run Behavior\ParseTemplateBehavior [ RunTime:0.022124s ]
INFO: [ view_parse ] --END-- [ RunTime:0.022154s ]
INFO: [ view_filter ] --START--
INFO: Run Behavior\WriteHtmlCacheBehavior [ RunTime:0.000421s ]
INFO: [ view_filter ] --END-- [ RunTime:0.000447s ]
INFO: [ app_end ] --START--
INFO: Run Behavior\ShowPageTraceBehavior [ RunTime:0.000714s ]
INFO: [ app_end ] --END-- [ RunTime:0.000753s ]

[ 2020-04-21T10:01:55+08:00 ] 127.0.0.1 /index.php/Help/getArticleUserAjax
INFO: [ app_init ] --START--
INFO: Run Behavior\BuildLiteBehavior [ RunTime:0.000010s ]
INFO: [ app_init ] --END-- [ RunTime:0.000801s ]
INFO: [ app_begin ] --START--
INFO: Run Behavior\ReadHtmlCacheBehavior [ RunTime:0.000560s ]
INFO: [ app_begin ] --END-- [ RunTime:0.000589s ]
SQL: SHOW COLUMNS FROM `jw_category` [ RunTime:0.0021s ]
SQL: SHOW COLUMNS FROM `jw_content` [ RunTime:0.0022s ]
SQL: SELECT `id` FROM `jw_category` WHERE ( pid=139 )  [ RunTime:0.0010s ]
SQL: SELECT `id` FROM `jw_category` WHERE ( pid=140 )  [ RunTime:0.0006s ]
SQL: SELECT `id` FROM `jw_category` WHERE ( pid=141 )  [ RunTime:0.0006s ]
SQL: SELECT a.id,a.cateid,a.catename,a.title,a.one_pic,a.tags,a.savename,a.defaultpic,a.shortcontent,a.addtime,a.links,b.dirname FROM `jw_content`  as a LEFT JOIN jw_category as b ON a.cateid=b.id  WHERE ( a.cateid in(140,141,139) ) ORDER BY a.isgood desc,a.isfocus desc,a.taxis desc,a.id desc LIMIT 0,6   [ RunTime:0.0016s ]

[ 2020-04-21T10:01:56+08:00 ] 127.0.0.1 /
INFO: [ app_init ] --START--
INFO: Run Behavior\BuildLiteBehavior [ RunTime:0.000008s ]
INFO: [ app_init ] --END-- [ RunTime:0.000477s ]
INFO: [ app_begin ] --START--
INFO: Run Behavior\ReadHtmlCacheBehavior [ RunTime:0.000560s ]
INFO: [ app_begin ] --END-- [ RunTime:0.000589s ]
SQL: SHOW COLUMNS FROM `jw_category` [ RunTime:0.0023s ]
SQL: SHOW COLUMNS FROM `jw_content` [ RunTime:0.0018s ]
SQL: SHOW COLUMNS FROM `jw_carousel` [ RunTime:0.0014s ]
SQL: SELECT `title`,`content`,`pic`,`links` FROM `jw_carousel` WHERE ( groupid=5 ) ORDER BY taxis desc,id desc  [ RunTime:0.0010s ]
SQL: SELECT `title`,`content`,`pic`,`links` FROM `jw_carousel` WHERE ( groupid=4 ) ORDER BY taxis desc,id desc  [ RunTime:0.0007s ]
SQL: SELECT `id` FROM `jw_category` WHERE ( pid=133 )  [ RunTime:0.0007s ]
SQL: SELECT `id` FROM `jw_category` WHERE ( pid=134 )  [ RunTime:0.0007s ]
SQL: SELECT `id` FROM `jw_category` WHERE ( pid=135 )  [ RunTime:0.0007s ]
SQL: SELECT `id` FROM `jw_category` WHERE ( pid=136 )  [ RunTime:0.0007s ]
SQL: SELECT `id` FROM `jw_category` WHERE ( pid=137 )  [ RunTime:0.0007s ]
SQL: SELECT `id` FROM `jw_category` WHERE ( pid=138 )  [ RunTime:0.0007s ]
SQL: SELECT `id` FROM `jw_category` WHERE ( pid=151 )  [ RunTime:0.0007s ]
SQL: SELECT a.id,a.cateid,a.catename,a.title,a.one_pic,a.tags,a.savename,a.defaultpic,a.shortcontent,a.addtime,a.links,b.dirname FROM `jw_content`  as a LEFT JOIN jw_category as b ON a.cateid=b.id  WHERE ( a.cateid in(134,135,136,137,138,151,133) ) ORDER BY a.isfocus desc,a.isgood desc,a.taxis desc,a.id desc LIMIT 0,5   [ RunTime:0.0012s ]
SQL: SELECT `title`,`content`,`pic`,`links` FROM `jw_carousel` WHERE ( groupid=3 ) ORDER BY taxis desc,id desc  [ RunTime:0.0008s ]
INFO: [ view_parse ] --START--
INFO: [ template_filter ] --START--
INFO: Run Behavior\ContentReplaceBehavior [ RunTime:0.000139s ]
INFO: [ template_filter ] --END-- [ RunTime:0.000173s ]
NOTIC: [8] Undefined variable: pageArr E:\phpstudy_pro\WWW\guan\Application\Runtime\Cache\Home\2a94b8bda04ff446dcedd42276fc99ee.php 第 6 行.
NOTIC: [8] Undefined variable: pageArr E:\phpstudy_pro\WWW\guan\Application\Runtime\Cache\Home\2a94b8bda04ff446dcedd42276fc99ee.php 第 8 行.
NOTIC: [8] Undefined variable: pageArr E:\phpstudy_pro\WWW\guan\Application\Runtime\Cache\Home\2a94b8bda04ff446dcedd42276fc99ee.php 第 9 行.
INFO: Run Behavior\ParseTemplateBehavior [ RunTime:0.011425s ]
INFO: [ view_parse ] --END-- [ RunTime:0.011456s ]
INFO: [ view_filter ] --START--
INFO: Run Behavior\WriteHtmlCacheBehavior [ RunTime:0.000363s ]
INFO: [ view_filter ] --END-- [ RunTime:0.000392s ]
INFO: [ app_end ] --START--
INFO: Run Behavior\ShowPageTraceBehavior [ RunTime:0.000835s ]
INFO: [ app_end ] --END-- [ RunTime:0.000891s ]

