[ 2020-04-20T17:49:22+08:00 ] 127.0.0.1 /admin.php/Role/siteconfig.html
INFO: [ app_init ] --START--
INFO: Run Behavior\BuildLiteBehavior [ RunTime:0.000006s ]
INFO: [ app_init ] --END-- [ RunTime:0.000393s ]
INFO: [ app_begin ] --START--
INFO: Run Behavior\ReadHtmlCacheBehavior [ RunTime:0.000327s ]
INFO: [ app_begin ] --END-- [ RunTime:0.000346s ]
SQL: SHOW COLUMNS FROM `jw_category` [ RunTime:0.0172s ]
SQL: SHOW COLUMNS FROM `jw_pic_arr` [ RunTime:0.0039s ]
SQL: SHOW COLUMNS FROM `jw_admin_menu` [ RunTime:0.0043s ]
SQL: SELECT * FROM `jw_admin_menu` WHERE ( 1=1 ) ORDER BY pid asc,taxis desc  [ RunTime:0.0013s ]
INFO: [ view_parse ] --START--
INFO: [ template_filter ] --START--
INFO: Run Behavior\ContentReplaceBehavior [ RunTime:0.000105s ]
INFO: [ template_filter ] --END-- [ RunTime:0.000125s ]
NOTIC: [8] Undefined variable: rs D:\phpstudy_pro\WWW\guan\Application\Runtime\Cache\Admin\4c78014dc59f27e797ced05da8ca5071.php 第 98 行.
NOTIC: [8] Undefined index: submenu D:\phpstudy_pro\WWW\guan\Application\Runtime\Cache\Admin\4c78014dc59f27e797ced05da8ca5071.php 第 134 行.
NOTIC: [8] Undefined index: submenu D:\phpstudy_pro\WWW\guan\Application\Runtime\Cache\Admin\4c78014dc59f27e797ced05da8ca5071.php 第 134 行.
NOTIC: [8] Undefined index: submenu D:\phpstudy_pro\WWW\guan\Application\Runtime\Cache\Admin\4c78014dc59f27e797ced05da8ca5071.php 第 134 行.
NOTIC: [8] Undefined index: submenu D:\phpstudy_pro\WWW\guan\Application\Runtime\Cache\Admin\4c78014dc59f27e797ced05da8ca5071.php 第 134 行.
NOTIC: [8] Undefined index: submenu D:\phpstudy_pro\WWW\guan\Application\Runtime\Cache\Admin\4c78014dc59f27e797ced05da8ca5071.php 第 134 行.
NOTIC: [8] Undefined variable: rs D:\phpstudy_pro\WWW\guan\Application\Runtime\Cache\Admin\4c78014dc59f27e797ced05da8ca5071.php 第 98 行.
NOTIC: [8] Undefined index: submenu D:\phpstudy_pro\WWW\guan\Application\Runtime\Cache\Admin\4c78014dc59f27e797ced05da8ca5071.php 第 101 行.
NOTIC: [8] Undefined index: submenu D:\phpstudy_pro\WWW\guan\Application\Runtime\Cache\Admin\4c78014dc59f27e797ced05da8ca5071.php 第 132 行.
NOTIC: [8] Undefined variable: rs D:\phpstudy_pro\WWW\guan\Application\Runtime\Cache\Admin\4c78014dc59f27e797ced05da8ca5071.php 第 98 行.
NOTIC: [8] Undefined index: submenu D:\phpstudy_pro\WWW\guan\Application\Runtime\Cache\Admin\4c78014dc59f27e797ced05da8ca5071.php 第 101 行.
NOTIC: [8] Undefined variable: focusid D:\phpstudy_pro\WWW\guan\Application\Runtime\Cache\Admin\4c78014dc59f27e797ced05da8ca5071.php 第 109 行.
SQL: SELECT * FROM `jw_category` WHERE ( 1=1 ) ORDER BY pid asc,taxis desc  [ RunTime:0.0005s ]
NOTIC: [8] Undefined variable: pidarr D:\phpstudy_pro\WWW\guan\Application\Admin\Common\function.php 第 152 行.
NOTIC: [2] in_array() expects parameter 2 to be array, null given D:\phpstudy_pro\WWW\guan\Application\Admin\Common\function.php 第 152 行.
NOTIC: [8] Undefined variable: pidarr D:\phpstudy_pro\WWW\guan\Application\Admin\Common\function.php 第 152 行.
NOTIC: [2] in_array() expects parameter 2 to be array, null given D:\phpstudy_pro\WWW\guan\Application\Admin\Common\function.php 第 152 行.
NOTIC: [8] Undefined variable: pidarr D:\phpstudy_pro\WWW\guan\Application\Admin\Common\function.php 第 152 行.
NOTIC: [2] in_array() expects parameter 2 to be array, null given D:\phpstudy_pro\WWW\guan\Application\Admin\Common\function.php 第 152 行.
NOTIC: [8] Undefined variable: pidarr D:\phpstudy_pro\WWW\guan\Application\Admin\Common\function.php 第 152 行.
NOTIC: [2] in_array() expects parameter 2 to be array, null given D:\phpstudy_pro\WWW\guan\Application\Admin\Common\function.php 第 152 行.
NOTIC: [8] Undefined variable: pidarr D:\phpstudy_pro\WWW\guan\Application\Admin\Common\function.php 第 152 行.
NOTIC: [2] in_array() expects parameter 2 to be array, null given D:\phpstudy_pro\WWW\guan\Application\Admin\Common\function.php 第 152 行.
NOTIC: [8] Undefined variable: pidarr D:\phpstudy_pro\WWW\guan\Application\Admin\Common\function.php 第 152 行.
NOTIC: [2] in_array() expects parameter 2 to be array, null given D:\phpstudy_pro\WWW\guan\Application\Admin\Common\function.php 第 152 行.
NOTIC: [8] Undefined variable: pidarr D:\phpstudy_pro\WWW\guan\Application\Admin\Common\function.php 第 152 行.
NOTIC: [2] in_array() expects parameter 2 to be array, null given D:\phpstudy_pro\WWW\guan\Application\Admin\Common\function.php 第 152 行.
NOTIC: [8] Undefined variable: pidarr D:\phpstudy_pro\WWW\guan\Application\Admin\Common\function.php 第 152 行.
NOTIC: [2] in_array() expects parameter 2 to be array, null given D:\phpstudy_pro\WWW\guan\Application\Admin\Common\function.php 第 152 行.
NOTIC: [8] Undefined variable: pidarr D:\phpstudy_pro\WWW\guan\Application\Admin\Common\function.php 第 152 行.
NOTIC: [2] in_array() expects parameter 2 to be array, null given D:\phpstudy_pro\WWW\guan\Application\Admin\Common\function.php 第 152 行.
NOTIC: [8] Undefined variable: pidarr D:\phpstudy_pro\WWW\guan\Application\Admin\Common\function.php 第 152 行.
NOTIC: [2] in_array() expects parameter 2 to be array, null given D:\phpstudy_pro\WWW\guan\Application\Admin\Common\function.php 第 152 行.
NOTIC: [8] Undefined variable: pidarr D:\phpstudy_pro\WWW\guan\Application\Admin\Common\function.php 第 152 行.
NOTIC: [2] in_array() expects parameter 2 to be array, null given D:\phpstudy_pro\WWW\guan\Application\Admin\Common\function.php 第 152 行.
NOTIC: [8] Undefined variable: pidarr D:\phpstudy_pro\WWW\guan\Application\Admin\Common\function.php 第 152 行.
NOTIC: [2] in_array() expects parameter 2 to be array, null given D:\phpstudy_pro\WWW\guan\Application\Admin\Common\function.php 第 152 行.
NOTIC: [8] Undefined variable: pidarr D:\phpstudy_pro\WWW\guan\Application\Admin\Common\function.php 第 152 行.
NOTIC: [2] in_array() expects parameter 2 to be array, null given D:\phpstudy_pro\WWW\guan\Application\Admin\Common\function.php 第 152 行.
NOTIC: [8] Undefined variable: pidarr D:\phpstudy_pro\WWW\guan\Application\Admin\Common\function.php 第 152 行.
NOTIC: [2] in_array() expects parameter 2 to be array, null given D:\phpstudy_pro\WWW\guan\Application\Admin\Common\function.php 第 152 行.
NOTIC: [8] Undefined variable: pidarr D:\phpstudy_pro\WWW\guan\Application\Admin\Common\function.php 第 152 行.
NOTIC: [2] in_array() expects parameter 2 to be array, null given D:\phpstudy_pro\WWW\guan\Application\Admin\Common\function.php 第 152 行.
NOTIC: [8] Undefined variable: pidarr D:\phpstudy_pro\WWW\guan\Application\Admin\Common\function.php 第 152 行.
NOTIC: [2] in_array() expects parameter 2 to be array, null given D:\phpstudy_pro\WWW\guan\Application\Admin\Common\function.php 第 152 行.
NOTIC: [8] Undefined variable: pidarr D:\phpstudy_pro\WWW\guan\Application\Admin\Common\function.php 第 152 行.
NOTIC: [2] in_array() expects parameter 2 to be array, null given D:\phpstudy_pro\WWW\guan\Application\Admin\Common\function.php 第 152 行.
NOTIC: [8] Undefined variable: pidarr D:\phpstudy_pro\WWW\guan\Application\Admin\Common\function.php 第 152 行.
NOTIC: [2] in_array() expects parameter 2 to be array, null given D:\phpstudy_pro\WWW\guan\Application\Admin\Common\function.php 第 152 行.
NOTIC: [8] Undefined variable: pidarr D:\phpstudy_pro\WWW\guan\Application\Admin\Common\function.php 第 152 行.
NOTIC: [2] in_array() expects parameter 2 to be array, null given D:\phpstudy_pro\WWW\guan\Application\Admin\Common\function.php 第 152 行.
NOTIC: [2] Use of undefined constant submenu - assumed 'submenu' (this will throw an Error in a future version of PHP) D:\phpstudy_pro\WWW\guan\Application\Runtime\Cache\Admin\4c78014dc59f27e797ced05da8ca5071.php 第 115 行.
NOTIC: [2] Use of undefined constant submenu - assumed 'submenu' (this will throw an Error in a future version of PHP) D:\phpstudy_pro\WWW\guan\Application\Runtime\Cache\Admin\4c78014dc59f27e797ced05da8ca5071.php 第 116 行.
NOTIC: [2] Use of undefined constant submenu - assumed 'submenu' (this will throw an Error in a future version of PHP) D:\phpstudy_pro\WWW\guan\Application\Runtime\Cache\Admin\4c78014dc59f27e797ced05da8ca5071.php 第 116 行.
NOTIC: [2] Use of undefined constant submenu - assumed 'submenu' (this will throw an Error in a future version of PHP) D:\phpstudy_pro\WWW\guan\Application\Runtime\Cache\Admin\4c78014dc59f27e797ced05da8ca5071.php 第 118 行.
NOTIC: [8] Undefined index: submenu D:\phpstudy_pro\WWW\guan\Application\Runtime\Cache\Admin\4c78014dc59f27e797ced05da8ca5071.php 第 118 行.
NOTIC: [2] Use of undefined constant submenu - assumed 'submenu' (this will throw an Error in a future version of PHP) D:\phpstudy_pro\WWW\guan\Application\Runtime\Cache\Admin\4c78014dc59f27e797ced05da8ca5071.php 第 118 行.
NOTIC: [8] Undefined index: submenu D:\phpstudy_pro\WWW\guan\Application\Runtime\Cache\Admin\4c78014dc59f27e797ced05da8ca5071.php 第 118 行.
NOTIC: [2] Use of undefined constant submenu - assumed 'submenu' (this will throw an Error in a future version of PHP) D:\phpstudy_pro\WWW\guan\Application\Runtime\Cache\Admin\4c78014dc59f27e797ced05da8ca5071.php 第 118 行.
NOTIC: [8] Undefined index: submenu D:\phpstudy_pro\WWW\guan\Application\Runtime\Cache\Admin\4c78014dc59f27e797ced05da8ca5071.php 第 118 行.
NOTIC: [2] Use of undefined constant submenu - assumed 'submenu' (this will throw an Error in a future version of PHP) D:\phpstudy_pro\WWW\guan\Application\Runtime\Cache\Admin\4c78014dc59f27e797ced05da8ca5071.php 第 118 行.
NOTIC: [8] Undefined index: submenu D:\phpstudy_pro\WWW\guan\Application\Runtime\Cache\Admin\4c78014dc59f27e797ced05da8ca5071.php 第 118 行.
NOTIC: [2] Use of undefined constant submenu - assumed 'submenu' (this will throw an Error in a future version of PHP) D:\phpstudy_pro\WWW\guan\Application\Runtime\Cache\Admin\4c78014dc59f27e797ced05da8ca5071.php 第 118 行.
NOTIC: [8] Undefined index: submenu D:\phpstudy_pro\WWW\guan\Application\Runtime\Cache\Admin\4c78014dc59f27e797ced05da8ca5071.php 第 118 行.
NOTIC: [2] Use of undefined constant submenu - assumed 'submenu' (this will throw an Error in a future version of PHP) D:\phpstudy_pro\WWW\guan\Application\Runtime\Cache\Admin\4c78014dc59f27e797ced05da8ca5071.php 第 118 行.
NOTIC: [8] Undefined index: submenu D:\phpstudy_pro\WWW\guan\Application\Runtime\Cache\Admin\4c78014dc59f27e797ced05da8ca5071.php 第 118 行.
NOTIC: [2] Use of undefined constant submenu - assumed 'submenu' (this will throw an Error in a future version of PHP) D:\phpstudy_pro\WWW\guan\Application\Runtime\Cache\Admin\4c78014dc59f27e797ced05da8ca5071.php 第 115 行.
NOTIC: [2] Use of undefined constant submenu - assumed 'submenu' (this will throw an Error in a future version of PHP) D:\phpstudy_pro\WWW\guan\Application\Runtime\Cache\Admin\4c78014dc59f27e797ced05da8ca5071.php 第 116 行.
NOTIC: [2] Use of undefined constant submenu - assumed 'submenu' (this will throw an Error in a future version of PHP) D:\phpstudy_pro\WWW\guan\Application\Runtime\Cache\Admin\4c78014dc59f27e797ced05da8ca5071.php 第 116 行.
NOTIC: [2] Use of undefined constant submenu - assumed 'submenu' (this will throw an Error in a future version of PHP) D:\phpstudy_pro\WWW\guan\Application\Runtime\Cache\Admin\4c78014dc59f27e797ced05da8ca5071.php 第 118 行.
NOTIC: [8] Undefined index: submenu D:\phpstudy_pro\WWW\guan\Application\Runtime\Cache\Admin\4c78014dc59f27e797ced05da8ca5071.php 第 118 行.
NOTIC: [2] Use of undefined constant submenu - assumed 'submenu' (this will throw an Error in a future version of PHP) D:\phpstudy_pro\WWW\guan\Application\Runtime\Cache\Admin\4c78014dc59f27e797ced05da8ca5071.php 第 118 行.
NOTIC: [8] Undefined index: submenu D:\phpstudy_pro\WWW\guan\Application\Runtime\Cache\Admin\4c78014dc59f27e797ced05da8ca5071.php 第 118 行.
NOTIC: [2] Use of undefined constant submenu - assumed 'submenu' (this will throw an Error in a future version of PHP) D:\phpstudy_pro\WWW\guan\Application\Runtime\Cache\Admin\4c78014dc59f27e797ced05da8ca5071.php 第 115 行.
NOTIC: [2] Use of undefined constant submenu - assumed 'submenu' (this will throw an Error in a future version of PHP) D:\phpstudy_pro\WWW\guan\Application\Runtime\Cache\Admin\4c78014dc59f27e797ced05da8ca5071.php 第 116 行.
NOTIC: [2] Use of undefined constant submenu - assumed 'submenu' (this will throw an Error in a future version of PHP) D:\phpstudy_pro\WWW\guan\Application\Runtime\Cache\Admin\4c78014dc59f27e797ced05da8ca5071.php 第 116 行.
NOTIC: [2] Use of undefined constant submenu - assumed 'submenu' (this will throw an Error in a future version of PHP) D:\phpstudy_pro\WWW\guan\Application\Runtime\Cache\Admin\4c78014dc59f27e797ced05da8ca5071.php 第 118 行.
NOTIC: [8] Undefined index: submenu D:\phpstudy_pro\WWW\guan\Application\Runtime\Cache\Admin\4c78014dc59f27e797ced05da8ca5071.php 第 118 行.
NOTIC: [2] Use of undefined constant submenu - assumed 'submenu' (this will throw an Error in a future version of PHP) D:\phpstudy_pro\WWW\guan\Application\Runtime\Cache\Admin\4c78014dc59f27e797ced05da8ca5071.php 第 118 行.
NOTIC: [8] Undefined index: submenu D:\phpstudy_pro\WWW\guan\Application\Runtime\Cache\Admin\4c78014dc59f27e797ced05da8ca5071.php 第 118 行.
NOTIC: [2] Use of undefined constant submenu - assumed 'submenu' (this will throw an Error in a future version of PHP) D:\phpstudy_pro\WWW\guan\Application\Runtime\Cache\Admin\4c78014dc59f27e797ced05da8ca5071.php 第 118 行.
NOTIC: [8] Undefined index: submenu D:\phpstudy_pro\WWW\guan\Application\Runtime\Cache\Admin\4c78014dc59f27e797ced05da8ca5071.php 第 118 行.
NOTIC: [2] Use of undefined constant submenu - assumed 'submenu' (this will throw an Error in a future version of PHP) D:\phpstudy_pro\WWW\guan\Application\Runtime\Cache\Admin\4c78014dc59f27e797ced05da8ca5071.php 第 118 行.
NOTIC: [8] Undefined index: submenu D:\phpstudy_pro\WWW\guan\Application\Runtime\Cache\Admin\4c78014dc59f27e797ced05da8ca5071.php 第 118 行.
NOTIC: [2] Use of undefined constant submenu - assumed 'submenu' (this will throw an Error in a future version of PHP) D:\phpstudy_pro\WWW\guan\Application\Runtime\Cache\Admin\4c78014dc59f27e797ced05da8ca5071.php 第 118 行.
NOTIC: [8] Undefined index: submenu D:\phpstudy_pro\WWW\guan\Application\Runtime\Cache\Admin\4c78014dc59f27e797ced05da8ca5071.php 第 118 行.
NOTIC: [2] Use of undefined constant submenu - assumed 'submenu' (this will throw an Error in a future version of PHP) D:\phpstudy_pro\WWW\guan\Application\Runtime\Cache\Admin\4c78014dc59f27e797ced05da8ca5071.php 第 118 行.
NOTIC: [8] Undefined index: submenu D:\phpstudy_pro\WWW\guan\Application\Runtime\Cache\Admin\4c78014dc59f27e797ced05da8ca5071.php 第 118 行.
NOTIC: [2] Use of undefined constant submenu - assumed 'submenu' (this will throw an Error in a future version of PHP) D:\phpstudy_pro\WWW\guan\Application\Runtime\Cache\Admin\4c78014dc59f27e797ced05da8ca5071.php 第 115 行.
NOTIC: [8] Undefined index: submenu D:\phpstudy_pro\WWW\guan\Application\Runtime\Cache\Admin\4c78014dc59f27e797ced05da8ca5071.php 第 115 行.
NOTIC: [2] Use of undefined constant submenu - assumed 'submenu' (this will throw an Error in a future version of PHP) D:\phpstudy_pro\WWW\guan\Application\Runtime\Cache\Admin\4c78014dc59f27e797ced05da8ca5071.php 第 115 行.
NOTIC: [8] Undefined index: submenu D:\phpstudy_pro\WWW\guan\Application\Runtime\Cache\Admin\4c78014dc59f27e797ced05da8ca5071.php 第 115 行.
NOTIC: [8] Undefined index: submenu D:\phpstudy_pro\WWW\guan\Application\Runtime\Cache\Admin\4c78014dc59f27e797ced05da8ca5071.php 第 132 行.
NOTIC: [8] Undefined variable: rs D:\phpstudy_pro\WWW\guan\Application\Runtime\Cache\Admin\4c78014dc59f27e797ced05da8ca5071.php 第 98 行.
NOTIC: [8] Undefined index: submenu D:\phpstudy_pro\WWW\guan\Application\Runtime\Cache\Admin\4c78014dc59f27e797ced05da8ca5071.php 第 134 行.
NOTIC: [8] Undefined index: submenu D:\phpstudy_pro\WWW\guan\Application\Runtime\Cache\Admin\4c78014dc59f27e797ced05da8ca5071.php 第 134 行.
NOTIC: [8] Undefined variable: rs D:\phpstudy_pro\WWW\guan\Application\Runtime\Cache\Admin\4c78014dc59f27e797ced05da8ca5071.php 第 98 行.
NOTIC: [8] Undefined index: submenu D:\phpstudy_pro\WWW\guan\Application\Runtime\Cache\Admin\4c78014dc59f27e797ced05da8ca5071.php 第 134 行.
INFO: Run Behavior\ParseTemplateBehavior [ RunTime:0.012897s ]
INFO: [ view_parse ] --END-- [ RunTime:0.012913s ]
INFO: [ view_filter ] --START--
INFO: Run Behavior\WriteHtmlCacheBehavior [ RunTime:0.000402s ]
INFO: [ view_filter ] --END-- [ RunTime:0.000415s ]
INFO: [ app_end ] --START--
INFO: Run Behavior\ShowPageTraceBehavior [ RunTime:0.000517s ]
INFO: [ app_end ] --END-- [ RunTime:0.000533s ]

[ 2020-04-20T17:49:23+08:00 ] 127.0.0.1 /admin.php/Role/siteconfig.html
INFO: [ app_init ] --START--
INFO: Run Behavior\BuildLiteBehavior [ RunTime:0.000006s ]
INFO: [ app_init ] --END-- [ RunTime:0.000287s ]
INFO: [ app_begin ] --START--
INFO: Run Behavior\ReadHtmlCacheBehavior [ RunTime:0.000339s ]
INFO: [ app_begin ] --END-- [ RunTime:0.000359s ]
SQL: SHOW COLUMNS FROM `jw_category` [ RunTime:0.0059s ]
SQL: SHOW COLUMNS FROM `jw_pic_arr` [ RunTime:0.0037s ]
SQL: SHOW COLUMNS FROM `jw_admin_menu` [ RunTime:0.0035s ]
SQL: SELECT * FROM `jw_admin_menu` WHERE ( 1=1 ) ORDER BY pid asc,taxis desc  [ RunTime:0.0003s ]
INFO: [ view_parse ] --START--
INFO: [ template_filter ] --START--
INFO: Run Behavior\ContentReplaceBehavior [ RunTime:0.000113s ]
INFO: [ template_filter ] --END-- [ RunTime:0.000137s ]
NOTIC: [8] Undefined variable: rs D:\phpstudy_pro\WWW\guan\Application\Runtime\Cache\Admin\4c78014dc59f27e797ced05da8ca5071.php 第 98 行.
NOTIC: [8] Undefined index: submenu D:\phpstudy_pro\WWW\guan\Application\Runtime\Cache\Admin\4c78014dc59f27e797ced05da8ca5071.php 第 134 行.
NOTIC: [8] Undefined index: submenu D:\phpstudy_pro\WWW\guan\Application\Runtime\Cache\Admin\4c78014dc59f27e797ced05da8ca5071.php 第 134 行.
NOTIC: [8] Undefined index: submenu D:\phpstudy_pro\WWW\guan\Application\Runtime\Cache\Admin\4c78014dc59f27e797ced05da8ca5071.php 第 134 行.
NOTIC: [8] Undefined index: submenu D:\phpstudy_pro\WWW\guan\Application\Runtime\Cache\Admin\4c78014dc59f27e797ced05da8ca5071.php 第 134 行.
NOTIC: [8] Undefined index: submenu D:\phpstudy_pro\WWW\guan\Application\Runtime\Cache\Admin\4c78014dc59f27e797ced05da8ca5071.php 第 134 行.
NOTIC: [8] Undefined variable: rs D:\phpstudy_pro\WWW\guan\Application\Runtime\Cache\Admin\4c78014dc59f27e797ced05da8ca5071.php 第 98 行.
NOTIC: [8] Undefined index: submenu D:\phpstudy_pro\WWW\guan\Application\Runtime\Cache\Admin\4c78014dc59f27e797ced05da8ca5071.php 第 101 行.
NOTIC: [8] Undefined index: submenu D:\phpstudy_pro\WWW\guan\Application\Runtime\Cache\Admin\4c78014dc59f27e797ced05da8ca5071.php 第 132 行.
NOTIC: [8] Undefined variable: rs D:\phpstudy_pro\WWW\guan\Application\Runtime\Cache\Admin\4c78014dc59f27e797ced05da8ca5071.php 第 98 行.
NOTIC: [8] Undefined index: submenu D:\phpstudy_pro\WWW\guan\Application\Runtime\Cache\Admin\4c78014dc59f27e797ced05da8ca5071.php 第 101 行.
NOTIC: [8] Undefined variable: focusid D:\phpstudy_pro\WWW\guan\Application\Runtime\Cache\Admin\4c78014dc59f27e797ced05da8ca5071.php 第 109 行.
SQL: SELECT * FROM `jw_category` WHERE ( 1=1 ) ORDER BY pid asc,taxis desc  [ RunTime:0.0004s ]
NOTIC: [8] Undefined variable: pidarr D:\phpstudy_pro\WWW\guan\Application\Admin\Common\function.php 第 152 行.
NOTIC: [2] in_array() expects parameter 2 to be array, null given D:\phpstudy_pro\WWW\guan\Application\Admin\Common\function.php 第 152 行.
NOTIC: [8] Undefined variable: pidarr D:\phpstudy_pro\WWW\guan\Application\Admin\Common\function.php 第 152 行.
NOTIC: [2] in_array() expects parameter 2 to be array, null given D:\phpstudy_pro\WWW\guan\Application\Admin\Common\function.php 第 152 行.
NOTIC: [8] Undefined variable: pidarr D:\phpstudy_pro\WWW\guan\Application\Admin\Common\function.php 第 152 行.
NOTIC: [2] in_array() expects parameter 2 to be array, null given D:\phpstudy_pro\WWW\guan\Application\Admin\Common\function.php 第 152 行.
NOTIC: [8] Undefined variable: pidarr D:\phpstudy_pro\WWW\guan\Application\Admin\Common\function.php 第 152 行.
NOTIC: [2] in_array() expects parameter 2 to be array, null given D:\phpstudy_pro\WWW\guan\Application\Admin\Common\function.php 第 152 行.
NOTIC: [8] Undefined variable: pidarr D:\phpstudy_pro\WWW\guan\Application\Admin\Common\function.php 第 152 行.
NOTIC: [2] in_array() expects parameter 2 to be array, null given D:\phpstudy_pro\WWW\guan\Application\Admin\Common\function.php 第 152 行.
NOTIC: [8] Undefined variable: pidarr D:\phpstudy_pro\WWW\guan\Application\Admin\Common\function.php 第 152 行.
NOTIC: [2] in_array() expects parameter 2 to be array, null given D:\phpstudy_pro\WWW\guan\Application\Admin\Common\function.php 第 152 行.
NOTIC: [8] Undefined variable: pidarr D:\phpstudy_pro\WWW\guan\Application\Admin\Common\function.php 第 152 行.
NOTIC: [2] in_array() expects parameter 2 to be array, null given D:\phpstudy_pro\WWW\guan\Application\Admin\Common\function.php 第 152 行.
NOTIC: [8] Undefined variable: pidarr D:\phpstudy_pro\WWW\guan\Application\Admin\Common\function.php 第 152 行.
NOTIC: [2] in_array() expects parameter 2 to be array, null given D:\phpstudy_pro\WWW\guan\Application\Admin\Common\function.php 第 152 行.
NOTIC: [8] Undefined variable: pidarr D:\phpstudy_pro\WWW\guan\Application\Admin\Common\function.php 第 152 行.
NOTIC: [2] in_array() expects parameter 2 to be array, null given D:\phpstudy_pro\WWW\guan\Application\Admin\Common\function.php 第 152 行.
NOTIC: [8] Undefined variable: pidarr D:\phpstudy_pro\WWW\guan\Application\Admin\Common\function.php 第 152 行.
NOTIC: [2] in_array() expects parameter 2 to be array, null given D:\phpstudy_pro\WWW\guan\Application\Admin\Common\function.php 第 152 行.
NOTIC: [8] Undefined variable: pidarr D:\phpstudy_pro\WWW\guan\Application\Admin\Common\function.php 第 152 行.
NOTIC: [2] in_array() expects parameter 2 to be array, null given D:\phpstudy_pro\WWW\guan\Application\Admin\Common\function.php 第 152 行.
NOTIC: [8] Undefined variable: pidarr D:\phpstudy_pro\WWW\guan\Application\Admin\Common\function.php 第 152 行.
NOTIC: [2] in_array() expects parameter 2 to be array, null given D:\phpstudy_pro\WWW\guan\Application\Admin\Common\function.php 第 152 行.
NOTIC: [8] Undefined variable: pidarr D:\phpstudy_pro\WWW\guan\Application\Admin\Common\function.php 第 152 行.
NOTIC: [2] in_array() expects parameter 2 to be array, null given D:\phpstudy_pro\WWW\guan\Application\Admin\Common\function.php 第 152 行.
NOTIC: [8] Undefined variable: pidarr D:\phpstudy_pro\WWW\guan\Application\Admin\Common\function.php 第 152 行.
NOTIC: [2] in_array() expects parameter 2 to be array, null given D:\phpstudy_pro\WWW\guan\Application\Admin\Common\function.php 第 152 行.
NOTIC: [8] Undefined variable: pidarr D:\phpstudy_pro\WWW\guan\Application\Admin\Common\function.php 第 152 行.
NOTIC: [2] in_array() expects parameter 2 to be array, null given D:\phpstudy_pro\WWW\guan\Application\Admin\Common\function.php 第 152 行.
NOTIC: [8] Undefined variable: pidarr D:\phpstudy_pro\WWW\guan\Application\Admin\Common\function.php 第 152 行.
NOTIC: [2] in_array() expects parameter 2 to be array, null given D:\phpstudy_pro\WWW\guan\Application\Admin\Common\function.php 第 152 行.
NOTIC: [8] Undefined variable: pidarr D:\phpstudy_pro\WWW\guan\Application\Admin\Common\function.php 第 152 行.
NOTIC: [2] in_array() expects parameter 2 to be array, null given D:\phpstudy_pro\WWW\guan\Application\Admin\Common\function.php 第 152 行.
NOTIC: [8] Undefined variable: pidarr D:\phpstudy_pro\WWW\guan\Application\Admin\Common\function.php 第 152 行.
NOTIC: [2] in_array() expects parameter 2 to be array, null given D:\phpstudy_pro\WWW\guan\Application\Admin\Common\function.php 第 152 行.
NOTIC: [8] Undefined variable: pidarr D:\phpstudy_pro\WWW\guan\Application\Admin\Common\function.php 第 152 行.
NOTIC: [2] in_array() expects parameter 2 to be array, null given D:\phpstudy_pro\WWW\guan\Application\Admin\Common\function.php 第 152 行.
NOTIC: [2] Use of undefined constant submenu - assumed 'submenu' (this will throw an Error in a future version of PHP) D:\phpstudy_pro\WWW\guan\Application\Runtime\Cache\Admin\4c78014dc59f27e797ced05da8ca5071.php 第 115 行.
NOTIC: [2] Use of undefined constant submenu - assumed 'submenu' (this will throw an Error in a future version of PHP) D:\phpstudy_pro\WWW\guan\Application\Runtime\Cache\Admin\4c78014dc59f27e797ced05da8ca5071.php 第 116 行.
NOTIC: [2] Use of undefined constant submenu - assumed 'submenu' (this will throw an Error in a future version of PHP) D:\phpstudy_pro\WWW\guan\Application\Runtime\Cache\Admin\4c78014dc59f27e797ced05da8ca5071.php 第 116 行.
NOTIC: [2] Use of undefined constant submenu - assumed 'submenu' (this will throw an Error in a future version of PHP) D:\phpstudy_pro\WWW\guan\Application\Runtime\Cache\Admin\4c78014dc59f27e797ced05da8ca5071.php 第 118 行.
NOTIC: [8] Undefined index: submenu D:\phpstudy_pro\WWW\guan\Application\Runtime\Cache\Admin\4c78014dc59f27e797ced05da8ca5071.php 第 118 行.
NOTIC: [2] Use of undefined constant submenu - assumed 'submenu' (this will throw an Error in a future version of PHP) D:\phpstudy_pro\WWW\guan\Application\Runtime\Cache\Admin\4c78014dc59f27e797ced05da8ca5071.php 第 118 行.
NOTIC: [8] Undefined index: submenu D:\phpstudy_pro\WWW\guan\Application\Runtime\Cache\Admin\4c78014dc59f27e797ced05da8ca5071.php 第 118 行.
NOTIC: [2] Use of undefined constant submenu - assumed 'submenu' (this will throw an Error in a future version of PHP) D:\phpstudy_pro\WWW\guan\Application\Runtime\Cache\Admin\4c78014dc59f27e797ced05da8ca5071.php 第 118 行.
NOTIC: [8] Undefined index: submenu D:\phpstudy_pro\WWW\guan\Application\Runtime\Cache\Admin\4c78014dc59f27e797ced05da8ca5071.php 第 118 行.
NOTIC: [2] Use of undefined constant submenu - assumed 'submenu' (this will throw an Error in a future version of PHP) D:\phpstudy_pro\WWW\guan\Application\Runtime\Cache\Admin\4c78014dc59f27e797ced05da8ca5071.php 第 118 行.
NOTIC: [8] Undefined index: submenu D:\phpstudy_pro\WWW\guan\Application\Runtime\Cache\Admin\4c78014dc59f27e797ced05da8ca5071.php 第 118 行.
NOTIC: [2] Use of undefined constant submenu - assumed 'submenu' (this will throw an Error in a future version of PHP) D:\phpstudy_pro\WWW\guan\Application\Runtime\Cache\Admin\4c78014dc59f27e797ced05da8ca5071.php 第 118 行.
NOTIC: [8] Undefined index: submenu D:\phpstudy_pro\WWW\guan\Application\Runtime\Cache\Admin\4c78014dc59f27e797ced05da8ca5071.php 第 118 行.
NOTIC: [2] Use of undefined constant submenu - assumed 'submenu' (this will throw an Error in a future version of PHP) D:\phpstudy_pro\WWW\guan\Application\Runtime\Cache\Admin\4c78014dc59f27e797ced05da8ca5071.php 第 118 行.
NOTIC: [8] Undefined index: submenu D:\phpstudy_pro\WWW\guan\Application\Runtime\Cache\Admin\4c78014dc59f27e797ced05da8ca5071.php 第 118 行.
NOTIC: [2] Use of undefined constant submenu - assumed 'submenu' (this will throw an Error in a future version of PHP) D:\phpstudy_pro\WWW\guan\Application\Runtime\Cache\Admin\4c78014dc59f27e797ced05da8ca5071.php 第 115 行.
NOTIC: [2] Use of undefined constant submenu - assumed 'submenu' (this will throw an Error in a future version of PHP) D:\phpstudy_pro\WWW\guan\Application\Runtime\Cache\Admin\4c78014dc59f27e797ced05da8ca5071.php 第 116 行.
NOTIC: [2] Use of undefined constant submenu - assumed 'submenu' (this will throw an Error in a future version of PHP) D:\phpstudy_pro\WWW\guan\Application\Runtime\Cache\Admin\4c78014dc59f27e797ced05da8ca5071.php 第 116 行.
NOTIC: [2] Use of undefined constant submenu - assumed 'submenu' (this will throw an Error in a future version of PHP) D:\phpstudy_pro\WWW\guan\Application\Runtime\Cache\Admin\4c78014dc59f27e797ced05da8ca5071.php 第 118 行.
NOTIC: [8] Undefined index: submenu D:\phpstudy_pro\WWW\guan\Application\Runtime\Cache\Admin\4c78014dc59f27e797ced05da8ca5071.php 第 118 行.
NOTIC: [2] Use of undefined constant submenu - assumed 'submenu' (this will throw an Error in a future version of PHP) D:\phpstudy_pro\WWW\guan\Application\Runtime\Cache\Admin\4c78014dc59f27e797ced05da8ca5071.php 第 118 行.
NOTIC: [8] Undefined index: submenu D:\phpstudy_pro\WWW\guan\Application\Runtime\Cache\Admin\4c78014dc59f27e797ced05da8ca5071.php 第 118 行.
NOTIC: [2] Use of undefined constant submenu - assumed 'submenu' (this will throw an Error in a future version of PHP) D:\phpstudy_pro\WWW\guan\Application\Runtime\Cache\Admin\4c78014dc59f27e797ced05da8ca5071.php 第 115 行.
NOTIC: [2] Use of undefined constant submenu - assumed 'submenu' (this will throw an Error in a future version of PHP) D:\phpstudy_pro\WWW\guan\Application\Runtime\Cache\Admin\4c78014dc59f27e797ced05da8ca5071.php 第 116 行.
NOTIC: [2] Use of undefined constant submenu - assumed 'submenu' (this will throw an Error in a future version of PHP) D:\phpstudy_pro\WWW\guan\Application\Runtime\Cache\Admin\4c78014dc59f27e797ced05da8ca5071.php 第 116 行.
NOTIC: [2] Use of undefined constant submenu - assumed 'submenu' (this will throw an Error in a future version of PHP) D:\phpstudy_pro\WWW\guan\Application\Runtime\Cache\Admin\4c78014dc59f27e797ced05da8ca5071.php 第 118 行.
NOTIC: [8] Undefined index: submenu D:\phpstudy_pro\WWW\guan\Application\Runtime\Cache\Admin\4c78014dc59f27e797ced05da8ca5071.php 第 118 行.
NOTIC: [2] Use of undefined constant submenu - assumed 'submenu' (this will throw an Error in a future version of PHP) D:\phpstudy_pro\WWW\guan\Application\Runtime\Cache\Admin\4c78014dc59f27e797ced05da8ca5071.php 第 118 行.
NOTIC: [8] Undefined index: submenu D:\phpstudy_pro\WWW\guan\Application\Runtime\Cache\Admin\4c78014dc59f27e797ced05da8ca5071.php 第 118 行.
NOTIC: [2] Use of undefined constant submenu - assumed 'submenu' (this will throw an Error in a future version of PHP) D:\phpstudy_pro\WWW\guan\Application\Runtime\Cache\Admin\4c78014dc59f27e797ced05da8ca5071.php 第 118 行.
NOTIC: [8] Undefined index: submenu D:\phpstudy_pro\WWW\guan\Application\Runtime\Cache\Admin\4c78014dc59f27e797ced05da8ca5071.php 第 118 行.
NOTIC: [2] Use of undefined constant submenu - assumed 'submenu' (this will throw an Error in a future version of PHP) D:\phpstudy_pro\WWW\guan\Application\Runtime\Cache\Admin\4c78014dc59f27e797ced05da8ca5071.php 第 118 行.
NOTIC: [8] Undefined index: submenu D:\phpstudy_pro\WWW\guan\Application\Runtime\Cache\Admin\4c78014dc59f27e797ced05da8ca5071.php 第 118 行.
NOTIC: [2] Use of undefined constant submenu - assumed 'submenu' (this will throw an Error in a future version of PHP) D:\phpstudy_pro\WWW\guan\Application\Runtime\Cache\Admin\4c78014dc59f27e797ced05da8ca5071.php 第 118 行.
NOTIC: [8] Undefined index: submenu D:\phpstudy_pro\WWW\guan\Application\Runtime\Cache\Admin\4c78014dc59f27e797ced05da8ca5071.php 第 118 行.
NOTIC: [2] Use of undefined constant submenu - assumed 'submenu' (this will throw an Error in a future version of PHP) D:\phpstudy_pro\WWW\guan\Application\Runtime\Cache\Admin\4c78014dc59f27e797ced05da8ca5071.php 第 118 行.
NOTIC: [8] Undefined index: submenu D:\phpstudy_pro\WWW\guan\Application\Runtime\Cache\Admin\4c78014dc59f27e797ced05da8ca5071.php 第 118 行.
NOTIC: [2] Use of undefined constant submenu - assumed 'submenu' (this will throw an Error in a future version of PHP) D:\phpstudy_pro\WWW\guan\Application\Runtime\Cache\Admin\4c78014dc59f27e797ced05da8ca5071.php 第 115 行.
NOTIC: [8] Undefined index: submenu D:\phpstudy_pro\WWW\guan\Application\Runtime\Cache\Admin\4c78014dc59f27e797ced05da8ca5071.php 第 115 行.
NOTIC: [2] Use of undefined constant submenu - assumed 'submenu' (this will throw an Error in a future version of PHP) D:\phpstudy_pro\WWW\guan\Application\Runtime\Cache\Admin\4c78014dc59f27e797ced05da8ca5071.php 第 115 行.
NOTIC: [8] Undefined index: submenu D:\phpstudy_pro\WWW\guan\Application\Runtime\Cache\Admin\4c78014dc59f27e797ced05da8ca5071.php 第 115 行.
NOTIC: [8] Undefined index: submenu D:\phpstudy_pro\WWW\guan\Application\Runtime\Cache\Admin\4c78014dc59f27e797ced05da8ca5071.php 第 132 行.
NOTIC: [8] Undefined variable: rs D:\phpstudy_pro\WWW\guan\Application\Runtime\Cache\Admin\4c78014dc59f27e797ced05da8ca5071.php 第 98 行.
NOTIC: [8] Undefined index: submenu D:\phpstudy_pro\WWW\guan\Application\Runtime\Cache\Admin\4c78014dc59f27e797ced05da8ca5071.php 第 134 行.
NOTIC: [8] Undefined index: submenu D:\phpstudy_pro\WWW\guan\Application\Runtime\Cache\Admin\4c78014dc59f27e797ced05da8ca5071.php 第 134 行.
NOTIC: [8] Undefined variable: rs D:\phpstudy_pro\WWW\guan\Application\Runtime\Cache\Admin\4c78014dc59f27e797ced05da8ca5071.php 第 98 行.
NOTIC: [8] Undefined index: submenu D:\phpstudy_pro\WWW\guan\Application\Runtime\Cache\Admin\4c78014dc59f27e797ced05da8ca5071.php 第 134 行.
INFO: Run Behavior\ParseTemplateBehavior [ RunTime:0.010601s ]
INFO: [ view_parse ] --END-- [ RunTime:0.010616s ]
INFO: [ view_filter ] --START--
INFO: Run Behavior\WriteHtmlCacheBehavior [ RunTime:0.000226s ]
INFO: [ view_filter ] --END-- [ RunTime:0.000239s ]
INFO: [ app_end ] --START--
INFO: Run Behavior\ShowPageTraceBehavior [ RunTime:0.000441s ]
INFO: [ app_end ] --END-- [ RunTime:0.000458s ]

[ 2020-04-20T17:49:48+08:00 ] 127.0.0.1 /admin.php/Role/user.html
INFO: [ app_init ] --START--
INFO: Run Behavior\BuildLiteBehavior [ RunTime:0.000006s ]
INFO: [ app_init ] --END-- [ RunTime:0.000217s ]
INFO: [ app_begin ] --START--
INFO: Run Behavior\ReadHtmlCacheBehavior [ RunTime:0.000289s ]
INFO: [ app_begin ] --END-- [ RunTime:0.000306s ]
SQL: SHOW COLUMNS FROM `jw_category` [ RunTime:0.2612s ]
SQL: SHOW COLUMNS FROM `jw_pic_arr` [ RunTime:0.0041s ]
SQL: SHOW COLUMNS FROM `jw_admin_menu` [ RunTime:0.0053s ]
SQL: SELECT * FROM `jw_admin_menu` WHERE ( 1=1 ) ORDER BY pid asc,taxis desc  [ RunTime:0.0004s ]
SQL: SHOW COLUMNS FROM `jw_admin` [ RunTime:0.0044s ]
SQL: SELECT a.username username,a.id id,a.taxis taxis,a.islock islock,b.name name FROM `jw_admin`  as a LEFT JOIN jw_admin_group as b ON a.groupid=b.id  WHERE ( b.id <> 1 ) ORDER BY a.taxis desc,a.id desc  [ RunTime:0.0025s ]
INFO: [ view_parse ] --START--
INFO: [ template_filter ] --START--
INFO: Run Behavior\ContentReplaceBehavior [ RunTime:0.000057s ]
INFO: [ template_filter ] --END-- [ RunTime:0.000077s ]
NOTIC: [8] Undefined variable: rs D:\phpstudy_pro\WWW\guan\Application\Runtime\Cache\Admin\96c636a6cd0960f114cc687377001a2c.php 第 98 行.
NOTIC: [8] Undefined index: submenu D:\phpstudy_pro\WWW\guan\Application\Runtime\Cache\Admin\96c636a6cd0960f114cc687377001a2c.php 第 134 行.
NOTIC: [8] Undefined index: submenu D:\phpstudy_pro\WWW\guan\Application\Runtime\Cache\Admin\96c636a6cd0960f114cc687377001a2c.php 第 134 行.
NOTIC: [8] Undefined index: submenu D:\phpstudy_pro\WWW\guan\Application\Runtime\Cache\Admin\96c636a6cd0960f114cc687377001a2c.php 第 134 行.
NOTIC: [8] Undefined index: submenu D:\phpstudy_pro\WWW\guan\Application\Runtime\Cache\Admin\96c636a6cd0960f114cc687377001a2c.php 第 134 行.
NOTIC: [8] Undefined index: submenu D:\phpstudy_pro\WWW\guan\Application\Runtime\Cache\Admin\96c636a6cd0960f114cc687377001a2c.php 第 134 行.
NOTIC: [8] Undefined variable: rs D:\phpstudy_pro\WWW\guan\Application\Runtime\Cache\Admin\96c636a6cd0960f114cc687377001a2c.php 第 98 行.
NOTIC: [8] Undefined index: submenu D:\phpstudy_pro\WWW\guan\Application\Runtime\Cache\Admin\96c636a6cd0960f114cc687377001a2c.php 第 101 行.
NOTIC: [8] Undefined index: submenu D:\phpstudy_pro\WWW\guan\Application\Runtime\Cache\Admin\96c636a6cd0960f114cc687377001a2c.php 第 132 行.
NOTIC: [8] Undefined variable: rs D:\phpstudy_pro\WWW\guan\Application\Runtime\Cache\Admin\96c636a6cd0960f114cc687377001a2c.php 第 98 行.
NOTIC: [8] Undefined index: submenu D:\phpstudy_pro\WWW\guan\Application\Runtime\Cache\Admin\96c636a6cd0960f114cc687377001a2c.php 第 101 行.
NOTIC: [8] Undefined variable: focusid D:\phpstudy_pro\WWW\guan\Application\Runtime\Cache\Admin\96c636a6cd0960f114cc687377001a2c.php 第 109 行.
SQL: SELECT * FROM `jw_category` WHERE ( 1=1 ) ORDER BY pid asc,taxis desc  [ RunTime:0.0005s ]
NOTIC: [8] Undefined variable: pidarr D:\phpstudy_pro\WWW\guan\Application\Admin\Common\function.php 第 152 行.
NOTIC: [2] in_array() expects parameter 2 to be array, null given D:\phpstudy_pro\WWW\guan\Application\Admin\Common\function.php 第 152 行.
NOTIC: [8] Undefined variable: pidarr D:\phpstudy_pro\WWW\guan\Application\Admin\Common\function.php 第 152 行.
NOTIC: [2] in_array() expects parameter 2 to be array, null given D:\phpstudy_pro\WWW\guan\Application\Admin\Common\function.php 第 152 行.
NOTIC: [8] Undefined variable: pidarr D:\phpstudy_pro\WWW\guan\Application\Admin\Common\function.php 第 152 行.
NOTIC: [2] in_array() expects parameter 2 to be array, null given D:\phpstudy_pro\WWW\guan\Application\Admin\Common\function.php 第 152 行.
NOTIC: [8] Undefined variable: pidarr D:\phpstudy_pro\WWW\guan\Application\Admin\Common\function.php 第 152 行.
NOTIC: [2] in_array() expects parameter 2 to be array, null given D:\phpstudy_pro\WWW\guan\Application\Admin\Common\function.php 第 152 行.
NOTIC: [8] Undefined variable: pidarr D:\phpstudy_pro\WWW\guan\Application\Admin\Common\function.php 第 152 行.
NOTIC: [2] in_array() expects parameter 2 to be array, null given D:\phpstudy_pro\WWW\guan\Application\Admin\Common\function.php 第 152 行.
NOTIC: [8] Undefined variable: pidarr D:\phpstudy_pro\WWW\guan\Application\Admin\Common\function.php 第 152 行.
NOTIC: [2] in_array() expects parameter 2 to be array, null given D:\phpstudy_pro\WWW\guan\Application\Admin\Common\function.php 第 152 行.
NOTIC: [8] Undefined variable: pidarr D:\phpstudy_pro\WWW\guan\Application\Admin\Common\function.php 第 152 行.
NOTIC: [2] in_array() expects parameter 2 to be array, null given D:\phpstudy_pro\WWW\guan\Application\Admin\Common\function.php 第 152 行.
NOTIC: [8] Undefined variable: pidarr D:\phpstudy_pro\WWW\guan\Application\Admin\Common\function.php 第 152 行.
NOTIC: [2] in_array() expects parameter 2 to be array, null given D:\phpstudy_pro\WWW\guan\Application\Admin\Common\function.php 第 152 行.
NOTIC: [8] Undefined variable: pidarr D:\phpstudy_pro\WWW\guan\Application\Admin\Common\function.php 第 152 行.
NOTIC: [2] in_array() expects parameter 2 to be array, null given D:\phpstudy_pro\WWW\guan\Application\Admin\Common\function.php 第 152 行.
NOTIC: [8] Undefined variable: pidarr D:\phpstudy_pro\WWW\guan\Application\Admin\Common\function.php 第 152 行.
NOTIC: [2] in_array() expects parameter 2 to be array, null given D:\phpstudy_pro\WWW\guan\Application\Admin\Common\function.php 第 152 行.
NOTIC: [8] Undefined variable: pidarr D:\phpstudy_pro\WWW\guan\Application\Admin\Common\function.php 第 152 行.
NOTIC: [2] in_array() expects parameter 2 to be array, null given D:\phpstudy_pro\WWW\guan\Application\Admin\Common\function.php 第 152 行.
NOTIC: [8] Undefined variable: pidarr D:\phpstudy_pro\WWW\guan\Application\Admin\Common\function.php 第 152 行.
NOTIC: [2] in_array() expects parameter 2 to be array, null given D:\phpstudy_pro\WWW\guan\Application\Admin\Common\function.php 第 152 行.
NOTIC: [8] Undefined variable: pidarr D:\phpstudy_pro\WWW\guan\Application\Admin\Common\function.php 第 152 行.
NOTIC: [2] in_array() expects parameter 2 to be array, null given D:\phpstudy_pro\WWW\guan\Application\Admin\Common\function.php 第 152 行.
NOTIC: [8] Undefined variable: pidarr D:\phpstudy_pro\WWW\guan\Application\Admin\Common\function.php 第 152 行.
NOTIC: [2] in_array() expects parameter 2 to be array, null given D:\phpstudy_pro\WWW\guan\Application\Admin\Common\function.php 第 152 行.
NOTIC: [8] Undefined variable: pidarr D:\phpstudy_pro\WWW\guan\Application\Admin\Common\function.php 第 152 行.
NOTIC: [2] in_array() expects parameter 2 to be array, null given D:\phpstudy_pro\WWW\guan\Application\Admin\Common\function.php 第 152 行.
NOTIC: [8] Undefined variable: pidarr D:\phpstudy_pro\WWW\guan\Application\Admin\Common\function.php 第 152 行.
NOTIC: [2] in_array() expects parameter 2 to be array, null given D:\phpstudy_pro\WWW\guan\Application\Admin\Common\function.php 第 152 行.
NOTIC: [8] Undefined variable: pidarr D:\phpstudy_pro\WWW\guan\Application\Admin\Common\function.php 第 152 行.
NOTIC: [2] in_array() expects parameter 2 to be array, null given D:\phpstudy_pro\WWW\guan\Application\Admin\Common\function.php 第 152 行.
NOTIC: [8] Undefined variable: pidarr D:\phpstudy_pro\WWW\guan\Application\Admin\Common\function.php 第 152 行.
NOTIC: [2] in_array() expects parameter 2 to be array, null given D:\phpstudy_pro\WWW\guan\Application\Admin\Common\function.php 第 152 行.
NOTIC: [8] Undefined variable: pidarr D:\phpstudy_pro\WWW\guan\Application\Admin\Common\function.php 第 152 行.
NOTIC: [2] in_array() expects parameter 2 to be array, null given D:\phpstudy_pro\WWW\guan\Application\Admin\Common\function.php 第 152 行.
NOTIC: [2] Use of undefined constant submenu - assumed 'submenu' (this will throw an Error in a future version of PHP) D:\phpstudy_pro\WWW\guan\Application\Runtime\Cache\Admin\96c636a6cd0960f114cc687377001a2c.php 第 115 行.
NOTIC: [2] Use of undefined constant submenu - assumed 'submenu' (this will throw an Error in a future version of PHP) D:\phpstudy_pro\WWW\guan\Application\Runtime\Cache\Admin\96c636a6cd0960f114cc687377001a2c.php 第 116 行.
NOTIC: [2] Use of undefined constant submenu - assumed 'submenu' (this will throw an Error in a future version of PHP) D:\phpstudy_pro\WWW\guan\Application\Runtime\Cache\Admin\96c636a6cd0960f114cc687377001a2c.php 第 116 行.
NOTIC: [2] Use of undefined constant submenu - assumed 'submenu' (this will throw an Error in a future version of PHP) D:\phpstudy_pro\WWW\guan\Application\Runtime\Cache\Admin\96c636a6cd0960f114cc687377001a2c.php 第 118 行.
NOTIC: [8] Undefined index: submenu D:\phpstudy_pro\WWW\guan\Application\Runtime\Cache\Admin\96c636a6cd0960f114cc687377001a2c.php 第 118 行.
NOTIC: [2] Use of undefined constant submenu - assumed 'submenu' (this will throw an Error in a future version of PHP) D:\phpstudy_pro\WWW\guan\Application\Runtime\Cache\Admin\96c636a6cd0960f114cc687377001a2c.php 第 118 行.
NOTIC: [8] Undefined index: submenu D:\phpstudy_pro\WWW\guan\Application\Runtime\Cache\Admin\96c636a6cd0960f114cc687377001a2c.php 第 118 行.
NOTIC: [2] Use of undefined constant submenu - assumed 'submenu' (this will throw an Error in a future version of PHP) D:\phpstudy_pro\WWW\guan\Application\Runtime\Cache\Admin\96c636a6cd0960f114cc687377001a2c.php 第 118 行.
NOTIC: [8] Undefined index: submenu D:\phpstudy_pro\WWW\guan\Application\Runtime\Cache\Admin\96c636a6cd0960f114cc687377001a2c.php 第 118 行.
NOTIC: [2] Use of undefined constant submenu - assumed 'submenu' (this will throw an Error in a future version of PHP) D:\phpstudy_pro\WWW\guan\Application\Runtime\Cache\Admin\96c636a6cd0960f114cc687377001a2c.php 第 118 行.
NOTIC: [8] Undefined index: submenu D:\phpstudy_pro\WWW\guan\Application\Runtime\Cache\Admin\96c636a6cd0960f114cc687377001a2c.php 第 118 行.
NOTIC: [2] Use of undefined constant submenu - assumed 'submenu' (this will throw an Error in a future version of PHP) D:\phpstudy_pro\WWW\guan\Application\Runtime\Cache\Admin\96c636a6cd0960f114cc687377001a2c.php 第 118 行.
NOTIC: [8] Undefined index: submenu D:\phpstudy_pro\WWW\guan\Application\Runtime\Cache\Admin\96c636a6cd0960f114cc687377001a2c.php 第 118 行.
NOTIC: [2] Use of undefined constant submenu - assumed 'submenu' (this will throw an Error in a future version of PHP) D:\phpstudy_pro\WWW\guan\Application\Runtime\Cache\Admin\96c636a6cd0960f114cc687377001a2c.php 第 118 行.
NOTIC: [8] Undefined index: submenu D:\phpstudy_pro\WWW\guan\Application\Runtime\Cache\Admin\96c636a6cd0960f114cc687377001a2c.php 第 118 行.
NOTIC: [2] Use of undefined constant submenu - assumed 'submenu' (this will throw an Error in a future version of PHP) D:\phpstudy_pro\WWW\guan\Application\Runtime\Cache\Admin\96c636a6cd0960f114cc687377001a2c.php 第 115 行.
NOTIC: [2] Use of undefined constant submenu - assumed 'submenu' (this will throw an Error in a future version of PHP) D:\phpstudy_pro\WWW\guan\Application\Runtime\Cache\Admin\96c636a6cd0960f114cc687377001a2c.php 第 116 行.
NOTIC: [2] Use of undefined constant submenu - assumed 'submenu' (this will throw an Error in a future version of PHP) D:\phpstudy_pro\WWW\guan\Application\Runtime\Cache\Admin\96c636a6cd0960f114cc687377001a2c.php 第 116 行.
NOTIC: [2] Use of undefined constant submenu - assumed 'submenu' (this will throw an Error in a future version of PHP) D:\phpstudy_pro\WWW\guan\Application\Runtime\Cache\Admin\96c636a6cd0960f114cc687377001a2c.php 第 118 行.
NOTIC: [8] Undefined index: submenu D:\phpstudy_pro\WWW\guan\Application\Runtime\Cache\Admin\96c636a6cd0960f114cc687377001a2c.php 第 118 行.
NOTIC: [2] Use of undefined constant submenu - assumed 'submenu' (this will throw an Error in a future version of PHP) D:\phpstudy_pro\WWW\guan\Application\Runtime\Cache\Admin\96c636a6cd0960f114cc687377001a2c.php 第 118 行.
NOTIC: [8] Undefined index: submenu D:\phpstudy_pro\WWW\guan\Application\Runtime\Cache\Admin\96c636a6cd0960f114cc687377001a2c.php 第 118 行.
NOTIC: [2] Use of undefined constant submenu - assumed 'submenu' (this will throw an Error in a future version of PHP) D:\phpstudy_pro\WWW\guan\Application\Runtime\Cache\Admin\96c636a6cd0960f114cc687377001a2c.php 第 115 行.
NOTIC: [2] Use of undefined constant submenu - assumed 'submenu' (this will throw an Error in a future version of PHP) D:\phpstudy_pro\WWW\guan\Application\Runtime\Cache\Admin\96c636a6cd0960f114cc687377001a2c.php 第 116 行.
NOTIC: [2] Use of undefined constant submenu - assumed 'submenu' (this will throw an Error in a future version of PHP) D:\phpstudy_pro\WWW\guan\Application\Runtime\Cache\Admin\96c636a6cd0960f114cc687377001a2c.php 第 116 行.
NOTIC: [2] Use of undefined constant submenu - assumed 'submenu' (this will throw an Error in a future version of PHP) D:\phpstudy_pro\WWW\guan\Application\Runtime\Cache\Admin\96c636a6cd0960f114cc687377001a2c.php 第 118 行.
NOTIC: [8] Undefined index: submenu D:\phpstudy_pro\WWW\guan\Application\Runtime\Cache\Admin\96c636a6cd0960f114cc687377001a2c.php 第 118 行.
NOTIC: [2] Use of undefined constant submenu - assumed 'submenu' (this will throw an Error in a future version of PHP) D:\phpstudy_pro\WWW\guan\Application\Runtime\Cache\Admin\96c636a6cd0960f114cc687377001a2c.php 第 118 行.
NOTIC: [8] Undefined index: submenu D:\phpstudy_pro\WWW\guan\Application\Runtime\Cache\Admin\96c636a6cd0960f114cc687377001a2c.php 第 118 行.
NOTIC: [2] Use of undefined constant submenu - assumed 'submenu' (this will throw an Error in a future version of PHP) D:\phpstudy_pro\WWW\guan\Application\Runtime\Cache\Admin\96c636a6cd0960f114cc687377001a2c.php 第 118 行.
NOTIC: [8] Undefined index: submenu D:\phpstudy_pro\WWW\guan\Application\Runtime\Cache\Admin\96c636a6cd0960f114cc687377001a2c.php 第 118 行.
NOTIC: [2] Use of undefined constant submenu - assumed 'submenu' (this will throw an Error in a future version of PHP) D:\phpstudy_pro\WWW\guan\Application\Runtime\Cache\Admin\96c636a6cd0960f114cc687377001a2c.php 第 118 行.
NOTIC: [8] Undefined index: submenu D:\phpstudy_pro\WWW\guan\Application\Runtime\Cache\Admin\96c636a6cd0960f114cc687377001a2c.php 第 118 行.
NOTIC: [2] Use of undefined constant submenu - assumed 'submenu' (this will throw an Error in a future version of PHP) D:\phpstudy_pro\WWW\guan\Application\Runtime\Cache\Admin\96c636a6cd0960f114cc687377001a2c.php 第 118 行.
NOTIC: [8] Undefined index: submenu D:\phpstudy_pro\WWW\guan\Application\Runtime\Cache\Admin\96c636a6cd0960f114cc687377001a2c.php 第 118 行.
NOTIC: [2] Use of undefined constant submenu - assumed 'submenu' (this will throw an Error in a future version of PHP) D:\phpstudy_pro\WWW\guan\Application\Runtime\Cache\Admin\96c636a6cd0960f114cc687377001a2c.php 第 118 行.
NOTIC: [8] Undefined index: submenu D:\phpstudy_pro\WWW\guan\Application\Runtime\Cache\Admin\96c636a6cd0960f114cc687377001a2c.php 第 118 行.
NOTIC: [2] Use of undefined constant submenu - assumed 'submenu' (this will throw an Error in a future version of PHP) D:\phpstudy_pro\WWW\guan\Application\Runtime\Cache\Admin\96c636a6cd0960f114cc687377001a2c.php 第 115 行.
NOTIC: [8] Undefined index: submenu D:\phpstudy_pro\WWW\guan\Application\Runtime\Cache\Admin\96c636a6cd0960f114cc687377001a2c.php 第 115 行.
NOTIC: [2] Use of undefined constant submenu - assumed 'submenu' (this will throw an Error in a future version of PHP) D:\phpstudy_pro\WWW\guan\Application\Runtime\Cache\Admin\96c636a6cd0960f114cc687377001a2c.php 第 115 行.
NOTIC: [8] Undefined index: submenu D:\phpstudy_pro\WWW\guan\Application\Runtime\Cache\Admin\96c636a6cd0960f114cc687377001a2c.php 第 115 行.
NOTIC: [8] Undefined index: submenu D:\phpstudy_pro\WWW\guan\Application\Runtime\Cache\Admin\96c636a6cd0960f114cc687377001a2c.php 第 132 行.
NOTIC: [8] Undefined variable: rs D:\phpstudy_pro\WWW\guan\Application\Runtime\Cache\Admin\96c636a6cd0960f114cc687377001a2c.php 第 98 行.
NOTIC: [8] Undefined index: submenu D:\phpstudy_pro\WWW\guan\Application\Runtime\Cache\Admin\96c636a6cd0960f114cc687377001a2c.php 第 134 行.
NOTIC: [8] Undefined index: submenu D:\phpstudy_pro\WWW\guan\Application\Runtime\Cache\Admin\96c636a6cd0960f114cc687377001a2c.php 第 134 行.
NOTIC: [8] Undefined variable: rs D:\phpstudy_pro\WWW\guan\Application\Runtime\Cache\Admin\96c636a6cd0960f114cc687377001a2c.php 第 98 行.
NOTIC: [8] Undefined index: submenu D:\phpstudy_pro\WWW\guan\Application\Runtime\Cache\Admin\96c636a6cd0960f114cc687377001a2c.php 第 134 行.
INFO: Run Behavior\ParseTemplateBehavior [ RunTime:0.237132s ]
INFO: [ view_parse ] --END-- [ RunTime:0.237149s ]
INFO: [ view_filter ] --START--
INFO: Run Behavior\WriteHtmlCacheBehavior [ RunTime:0.000282s ]
INFO: [ view_filter ] --END-- [ RunTime:0.000310s ]
INFO: [ app_end ] --START--
INFO: Run Behavior\ShowPageTraceBehavior [ RunTime:0.000403s ]
INFO: [ app_end ] --END-- [ RunTime:0.000425s ]

[ 2020-04-20T17:49:48+08:00 ] 127.0.0.1 /admin.php/Role/user.html
INFO: [ app_init ] --START--
INFO: Run Behavior\BuildLiteBehavior [ RunTime:0.000006s ]
INFO: [ app_init ] --END-- [ RunTime:0.000307s ]
INFO: [ app_begin ] --START--
INFO: Run Behavior\ReadHtmlCacheBehavior [ RunTime:0.000387s ]
INFO: [ app_begin ] --END-- [ RunTime:0.000425s ]
SQL: SHOW COLUMNS FROM `jw_category` [ RunTime:0.1541s ]
SQL: SHOW COLUMNS FROM `jw_pic_arr` [ RunTime:0.0104s ]
SQL: SHOW COLUMNS FROM `jw_admin_menu` [ RunTime:0.0037s ]
SQL: SELECT * FROM `jw_admin_menu` WHERE ( 1=1 ) ORDER BY pid asc,taxis desc  [ RunTime:0.0003s ]
SQL: SHOW COLUMNS FROM `jw_admin` [ RunTime:0.0043s ]
SQL: SELECT a.username username,a.id id,a.taxis taxis,a.islock islock,b.name name FROM `jw_admin`  as a LEFT JOIN jw_admin_group as b ON a.groupid=b.id  WHERE ( b.id <> 1 ) ORDER BY a.taxis desc,a.id desc  [ RunTime:0.0003s ]
INFO: [ view_parse ] --START--
INFO: [ template_filter ] --START--
INFO: Run Behavior\ContentReplaceBehavior [ RunTime:0.000058s ]
INFO: [ template_filter ] --END-- [ RunTime:0.000076s ]
NOTIC: [8] Undefined variable: rs D:\phpstudy_pro\WWW\guan\Application\Runtime\Cache\Admin\96c636a6cd0960f114cc687377001a2c.php 第 98 行.
NOTIC: [8] Undefined index: submenu D:\phpstudy_pro\WWW\guan\Application\Runtime\Cache\Admin\96c636a6cd0960f114cc687377001a2c.php 第 134 行.
NOTIC: [8] Undefined index: submenu D:\phpstudy_pro\WWW\guan\Application\Runtime\Cache\Admin\96c636a6cd0960f114cc687377001a2c.php 第 134 行.
NOTIC: [8] Undefined index: submenu D:\phpstudy_pro\WWW\guan\Application\Runtime\Cache\Admin\96c636a6cd0960f114cc687377001a2c.php 第 134 行.
NOTIC: [8] Undefined index: submenu D:\phpstudy_pro\WWW\guan\Application\Runtime\Cache\Admin\96c636a6cd0960f114cc687377001a2c.php 第 134 行.
NOTIC: [8] Undefined index: submenu D:\phpstudy_pro\WWW\guan\Application\Runtime\Cache\Admin\96c636a6cd0960f114cc687377001a2c.php 第 134 行.
NOTIC: [8] Undefined variable: rs D:\phpstudy_pro\WWW\guan\Application\Runtime\Cache\Admin\96c636a6cd0960f114cc687377001a2c.php 第 98 行.
NOTIC: [8] Undefined index: submenu D:\phpstudy_pro\WWW\guan\Application\Runtime\Cache\Admin\96c636a6cd0960f114cc687377001a2c.php 第 101 行.
NOTIC: [8] Undefined index: submenu D:\phpstudy_pro\WWW\guan\Application\Runtime\Cache\Admin\96c636a6cd0960f114cc687377001a2c.php 第 132 行.
NOTIC: [8] Undefined variable: rs D:\phpstudy_pro\WWW\guan\Application\Runtime\Cache\Admin\96c636a6cd0960f114cc687377001a2c.php 第 98 行.
NOTIC: [8] Undefined index: submenu D:\phpstudy_pro\WWW\guan\Application\Runtime\Cache\Admin\96c636a6cd0960f114cc687377001a2c.php 第 101 行.
NOTIC: [8] Undefined variable: focusid D:\phpstudy_pro\WWW\guan\Application\Runtime\Cache\Admin\96c636a6cd0960f114cc687377001a2c.php 第 109 行.
SQL: SELECT * FROM `jw_category` WHERE ( 1=1 ) ORDER BY pid asc,taxis desc  [ RunTime:0.0005s ]
NOTIC: [8] Undefined variable: pidarr D:\phpstudy_pro\WWW\guan\Application\Admin\Common\function.php 第 152 行.
NOTIC: [2] in_array() expects parameter 2 to be array, null given D:\phpstudy_pro\WWW\guan\Application\Admin\Common\function.php 第 152 行.
NOTIC: [8] Undefined variable: pidarr D:\phpstudy_pro\WWW\guan\Application\Admin\Common\function.php 第 152 行.
NOTIC: [2] in_array() expects parameter 2 to be array, null given D:\phpstudy_pro\WWW\guan\Application\Admin\Common\function.php 第 152 行.
NOTIC: [8] Undefined variable: pidarr D:\phpstudy_pro\WWW\guan\Application\Admin\Common\function.php 第 152 行.
NOTIC: [2] in_array() expects parameter 2 to be array, null given D:\phpstudy_pro\WWW\guan\Application\Admin\Common\function.php 第 152 行.
NOTIC: [8] Undefined variable: pidarr D:\phpstudy_pro\WWW\guan\Application\Admin\Common\function.php 第 152 行.
NOTIC: [2] in_array() expects parameter 2 to be array, null given D:\phpstudy_pro\WWW\guan\Application\Admin\Common\function.php 第 152 行.
NOTIC: [8] Undefined variable: pidarr D:\phpstudy_pro\WWW\guan\Application\Admin\Common\function.php 第 152 行.
NOTIC: [2] in_array() expects parameter 2 to be array, null given D:\phpstudy_pro\WWW\guan\Application\Admin\Common\function.php 第 152 行.
NOTIC: [8] Undefined variable: pidarr D:\phpstudy_pro\WWW\guan\Application\Admin\Common\function.php 第 152 行.
NOTIC: [2] in_array() expects parameter 2 to be array, null given D:\phpstudy_pro\WWW\guan\Application\Admin\Common\function.php 第 152 行.
NOTIC: [8] Undefined variable: pidarr D:\phpstudy_pro\WWW\guan\Application\Admin\Common\function.php 第 152 行.
NOTIC: [2] in_array() expects parameter 2 to be array, null given D:\phpstudy_pro\WWW\guan\Application\Admin\Common\function.php 第 152 行.
NOTIC: [8] Undefined variable: pidarr D:\phpstudy_pro\WWW\guan\Application\Admin\Common\function.php 第 152 行.
NOTIC: [2] in_array() expects parameter 2 to be array, null given D:\phpstudy_pro\WWW\guan\Application\Admin\Common\function.php 第 152 行.
NOTIC: [8] Undefined variable: pidarr D:\phpstudy_pro\WWW\guan\Application\Admin\Common\function.php 第 152 行.
NOTIC: [2] in_array() expects parameter 2 to be array, null given D:\phpstudy_pro\WWW\guan\Application\Admin\Common\function.php 第 152 行.
NOTIC: [8] Undefined variable: pidarr D:\phpstudy_pro\WWW\guan\Application\Admin\Common\function.php 第 152 行.
NOTIC: [2] in_array() expects parameter 2 to be array, null given D:\phpstudy_pro\WWW\guan\Application\Admin\Common\function.php 第 152 行.
NOTIC: [8] Undefined variable: pidarr D:\phpstudy_pro\WWW\guan\Application\Admin\Common\function.php 第 152 行.
NOTIC: [2] in_array() expects parameter 2 to be array, null given D:\phpstudy_pro\WWW\guan\Application\Admin\Common\function.php 第 152 行.
NOTIC: [8] Undefined variable: pidarr D:\phpstudy_pro\WWW\guan\Application\Admin\Common\function.php 第 152 行.
NOTIC: [2] in_array() expects parameter 2 to be array, null given D:\phpstudy_pro\WWW\guan\Application\Admin\Common\function.php 第 152 行.
NOTIC: [8] Undefined variable: pidarr D:\phpstudy_pro\WWW\guan\Application\Admin\Common\function.php 第 152 行.
NOTIC: [2] in_array() expects parameter 2 to be array, null given D:\phpstudy_pro\WWW\guan\Application\Admin\Common\function.php 第 152 行.
NOTIC: [8] Undefined variable: pidarr D:\phpstudy_pro\WWW\guan\Application\Admin\Common\function.php 第 152 行.
NOTIC: [2] in_array() expects parameter 2 to be array, null given D:\phpstudy_pro\WWW\guan\Application\Admin\Common\function.php 第 152 行.
NOTIC: [8] Undefined variable: pidarr D:\phpstudy_pro\WWW\guan\Application\Admin\Common\function.php 第 152 行.
NOTIC: [2] in_array() expects parameter 2 to be array, null given D:\phpstudy_pro\WWW\guan\Application\Admin\Common\function.php 第 152 行.
NOTIC: [8] Undefined variable: pidarr D:\phpstudy_pro\WWW\guan\Application\Admin\Common\function.php 第 152 行.
NOTIC: [2] in_array() expects parameter 2 to be array, null given D:\phpstudy_pro\WWW\guan\Application\Admin\Common\function.php 第 152 行.
NOTIC: [8] Undefined variable: pidarr D:\phpstudy_pro\WWW\guan\Application\Admin\Common\function.php 第 152 行.
NOTIC: [2] in_array() expects parameter 2 to be array, null given D:\phpstudy_pro\WWW\guan\Application\Admin\Common\function.php 第 152 行.
NOTIC: [8] Undefined variable: pidarr D:\phpstudy_pro\WWW\guan\Application\Admin\Common\function.php 第 152 行.
NOTIC: [2] in_array() expects parameter 2 to be array, null given D:\phpstudy_pro\WWW\guan\Application\Admin\Common\function.php 第 152 行.
NOTIC: [8] Undefined variable: pidarr D:\phpstudy_pro\WWW\guan\Application\Admin\Common\function.php 第 152 行.
NOTIC: [2] in_array() expects parameter 2 to be array, null given D:\phpstudy_pro\WWW\guan\Application\Admin\Common\function.php 第 152 行.
NOTIC: [2] Use of undefined constant submenu - assumed 'submenu' (this will throw an Error in a future version of PHP) D:\phpstudy_pro\WWW\guan\Application\Runtime\Cache\Admin\96c636a6cd0960f114cc687377001a2c.php 第 115 行.
NOTIC: [2] Use of undefined constant submenu - assumed 'submenu' (this will throw an Error in a future version of PHP) D:\phpstudy_pro\WWW\guan\Application\Runtime\Cache\Admin\96c636a6cd0960f114cc687377001a2c.php 第 116 行.
NOTIC: [2] Use of undefined constant submenu - assumed 'submenu' (this will throw an Error in a future version of PHP) D:\phpstudy_pro\WWW\guan\Application\Runtime\Cache\Admin\96c636a6cd0960f114cc687377001a2c.php 第 116 行.
NOTIC: [2] Use of undefined constant submenu - assumed 'submenu' (this will throw an Error in a future version of PHP) D:\phpstudy_pro\WWW\guan\Application\Runtime\Cache\Admin\96c636a6cd0960f114cc687377001a2c.php 第 118 行.
NOTIC: [8] Undefined index: submenu D:\phpstudy_pro\WWW\guan\Application\Runtime\Cache\Admin\96c636a6cd0960f114cc687377001a2c.php 第 118 行.
NOTIC: [2] Use of undefined constant submenu - assumed 'submenu' (this will throw an Error in a future version of PHP) D:\phpstudy_pro\WWW\guan\Application\Runtime\Cache\Admin\96c636a6cd0960f114cc687377001a2c.php 第 118 行.
NOTIC: [8] Undefined index: submenu D:\phpstudy_pro\WWW\guan\Application\Runtime\Cache\Admin\96c636a6cd0960f114cc687377001a2c.php 第 118 行.
NOTIC: [2] Use of undefined constant submenu - assumed 'submenu' (this will throw an Error in a future version of PHP) D:\phpstudy_pro\WWW\guan\Application\Runtime\Cache\Admin\96c636a6cd0960f114cc687377001a2c.php 第 118 行.
NOTIC: [8] Undefined index: submenu D:\phpstudy_pro\WWW\guan\Application\Runtime\Cache\Admin\96c636a6cd0960f114cc687377001a2c.php 第 118 行.
NOTIC: [2] Use of undefined constant submenu - assumed 'submenu' (this will throw an Error in a future version of PHP) D:\phpstudy_pro\WWW\guan\Application\Runtime\Cache\Admin\96c636a6cd0960f114cc687377001a2c.php 第 118 行.
NOTIC: [8] Undefined index: submenu D:\phpstudy_pro\WWW\guan\Application\Runtime\Cache\Admin\96c636a6cd0960f114cc687377001a2c.php 第 118 行.
NOTIC: [2] Use of undefined constant submenu - assumed 'submenu' (this will throw an Error in a future version of PHP) D:\phpstudy_pro\WWW\guan\Application\Runtime\Cache\Admin\96c636a6cd0960f114cc687377001a2c.php 第 118 行.
NOTIC: [8] Undefined index: submenu D:\phpstudy_pro\WWW\guan\Application\Runtime\Cache\Admin\96c636a6cd0960f114cc687377001a2c.php 第 118 行.
NOTIC: [2] Use of undefined constant submenu - assumed 'submenu' (this will throw an Error in a future version of PHP) D:\phpstudy_pro\WWW\guan\Application\Runtime\Cache\Admin\96c636a6cd0960f114cc687377001a2c.php 第 118 行.
NOTIC: [8] Undefined index: submenu D:\phpstudy_pro\WWW\guan\Application\Runtime\Cache\Admin\96c636a6cd0960f114cc687377001a2c.php 第 118 行.
NOTIC: [2] Use of undefined constant submenu - assumed 'submenu' (this will throw an Error in a future version of PHP) D:\phpstudy_pro\WWW\guan\Application\Runtime\Cache\Admin\96c636a6cd0960f114cc687377001a2c.php 第 115 行.
NOTIC: [2] Use of undefined constant submenu - assumed 'submenu' (this will throw an Error in a future version of PHP) D:\phpstudy_pro\WWW\guan\Application\Runtime\Cache\Admin\96c636a6cd0960f114cc687377001a2c.php 第 116 行.
NOTIC: [2] Use of undefined constant submenu - assumed 'submenu' (this will throw an Error in a future version of PHP) D:\phpstudy_pro\WWW\guan\Application\Runtime\Cache\Admin\96c636a6cd0960f114cc687377001a2c.php 第 116 行.
NOTIC: [2] Use of undefined constant submenu - assumed 'submenu' (this will throw an Error in a future version of PHP) D:\phpstudy_pro\WWW\guan\Application\Runtime\Cache\Admin\96c636a6cd0960f114cc687377001a2c.php 第 118 行.
NOTIC: [8] Undefined index: submenu D:\phpstudy_pro\WWW\guan\Application\Runtime\Cache\Admin\96c636a6cd0960f114cc687377001a2c.php 第 118 行.
NOTIC: [2] Use of undefined constant submenu - assumed 'submenu' (this will throw an Error in a future version of PHP) D:\phpstudy_pro\WWW\guan\Application\Runtime\Cache\Admin\96c636a6cd0960f114cc687377001a2c.php 第 118 行.
NOTIC: [8] Undefined index: submenu D:\phpstudy_pro\WWW\guan\Application\Runtime\Cache\Admin\96c636a6cd0960f114cc687377001a2c.php 第 118 行.
NOTIC: [2] Use of undefined constant submenu - assumed 'submenu' (this will throw an Error in a future version of PHP) D:\phpstudy_pro\WWW\guan\Application\Runtime\Cache\Admin\96c636a6cd0960f114cc687377001a2c.php 第 115 行.
NOTIC: [2] Use of undefined constant submenu - assumed 'submenu' (this will throw an Error in a future version of PHP) D:\phpstudy_pro\WWW\guan\Application\Runtime\Cache\Admin\96c636a6cd0960f114cc687377001a2c.php 第 116 行.
NOTIC: [2] Use of undefined constant submenu - assumed 'submenu' (this will throw an Error in a future version of PHP) D:\phpstudy_pro\WWW\guan\Application\Runtime\Cache\Admin\96c636a6cd0960f114cc687377001a2c.php 第 116 行.
NOTIC: [2] Use of undefined constant submenu - assumed 'submenu' (this will throw an Error in a future version of PHP) D:\phpstudy_pro\WWW\guan\Application\Runtime\Cache\Admin\96c636a6cd0960f114cc687377001a2c.php 第 118 行.
NOTIC: [8] Undefined index: submenu D:\phpstudy_pro\WWW\guan\Application\Runtime\Cache\Admin\96c636a6cd0960f114cc687377001a2c.php 第 118 行.
NOTIC: [2] Use of undefined constant submenu - assumed 'submenu' (this will throw an Error in a future version of PHP) D:\phpstudy_pro\WWW\guan\Application\Runtime\Cache\Admin\96c636a6cd0960f114cc687377001a2c.php 第 118 行.
NOTIC: [8] Undefined index: submenu D:\phpstudy_pro\WWW\guan\Application\Runtime\Cache\Admin\96c636a6cd0960f114cc687377001a2c.php 第 118 行.
NOTIC: [2] Use of undefined constant submenu - assumed 'submenu' (this will throw an Error in a future version of PHP) D:\phpstudy_pro\WWW\guan\Application\Runtime\Cache\Admin\96c636a6cd0960f114cc687377001a2c.php 第 118 行.
NOTIC: [8] Undefined index: submenu D:\phpstudy_pro\WWW\guan\Application\Runtime\Cache\Admin\96c636a6cd0960f114cc687377001a2c.php 第 118 行.
NOTIC: [2] Use of undefined constant submenu - assumed 'submenu' (this will throw an Error in a future version of PHP) D:\phpstudy_pro\WWW\guan\Application\Runtime\Cache\Admin\96c636a6cd0960f114cc687377001a2c.php 第 118 行.
NOTIC: [8] Undefined index: submenu D:\phpstudy_pro\WWW\guan\Application\Runtime\Cache\Admin\96c636a6cd0960f114cc687377001a2c.php 第 118 行.
NOTIC: [2] Use of undefined constant submenu - assumed 'submenu' (this will throw an Error in a future version of PHP) D:\phpstudy_pro\WWW\guan\Application\Runtime\Cache\Admin\96c636a6cd0960f114cc687377001a2c.php 第 118 行.
NOTIC: [8] Undefined index: submenu D:\phpstudy_pro\WWW\guan\Application\Runtime\Cache\Admin\96c636a6cd0960f114cc687377001a2c.php 第 118 行.
NOTIC: [2] Use of undefined constant submenu - assumed 'submenu' (this will throw an Error in a future version of PHP) D:\phpstudy_pro\WWW\guan\Application\Runtime\Cache\Admin\96c636a6cd0960f114cc687377001a2c.php 第 118 行.
NOTIC: [8] Undefined index: submenu D:\phpstudy_pro\WWW\guan\Application\Runtime\Cache\Admin\96c636a6cd0960f114cc687377001a2c.php 第 118 行.
NOTIC: [2] Use of undefined constant submenu - assumed 'submenu' (this will throw an Error in a future version of PHP) D:\phpstudy_pro\WWW\guan\Application\Runtime\Cache\Admin\96c636a6cd0960f114cc687377001a2c.php 第 115 行.
NOTIC: [8] Undefined index: submenu D:\phpstudy_pro\WWW\guan\Application\Runtime\Cache\Admin\96c636a6cd0960f114cc687377001a2c.php 第 115 行.
NOTIC: [2] Use of undefined constant submenu - assumed 'submenu' (this will throw an Error in a future version of PHP) D:\phpstudy_pro\WWW\guan\Application\Runtime\Cache\Admin\96c636a6cd0960f114cc687377001a2c.php 第 115 行.
NOTIC: [8] Undefined index: submenu D:\phpstudy_pro\WWW\guan\Application\Runtime\Cache\Admin\96c636a6cd0960f114cc687377001a2c.php 第 115 行.
NOTIC: [8] Undefined index: submenu D:\phpstudy_pro\WWW\guan\Application\Runtime\Cache\Admin\96c636a6cd0960f114cc687377001a2c.php 第 132 行.
NOTIC: [8] Undefined variable: rs D:\phpstudy_pro\WWW\guan\Application\Runtime\Cache\Admin\96c636a6cd0960f114cc687377001a2c.php 第 98 行.
NOTIC: [8] Undefined index: submenu D:\phpstudy_pro\WWW\guan\Application\Runtime\Cache\Admin\96c636a6cd0960f114cc687377001a2c.php 第 134 行.
NOTIC: [8] Undefined index: submenu D:\phpstudy_pro\WWW\guan\Application\Runtime\Cache\Admin\96c636a6cd0960f114cc687377001a2c.php 第 134 行.
NOTIC: [8] Undefined variable: rs D:\phpstudy_pro\WWW\guan\Application\Runtime\Cache\Admin\96c636a6cd0960f114cc687377001a2c.php 第 98 行.
NOTIC: [8] Undefined index: submenu D:\phpstudy_pro\WWW\guan\Application\Runtime\Cache\Admin\96c636a6cd0960f114cc687377001a2c.php 第 134 行.
INFO: Run Behavior\ParseTemplateBehavior [ RunTime:0.009640s ]
INFO: [ view_parse ] --END-- [ RunTime:0.009653s ]
INFO: [ view_filter ] --START--
INFO: Run Behavior\WriteHtmlCacheBehavior [ RunTime:0.000175s ]
INFO: [ view_filter ] --END-- [ RunTime:0.000188s ]
INFO: [ app_end ] --START--
INFO: Run Behavior\ShowPageTraceBehavior [ RunTime:0.000430s ]
INFO: [ app_end ] --END-- [ RunTime:0.000446s ]

[ 2020-04-20T17:49:49+08:00 ] 127.0.0.1 /admin.php/Role/usergroup.html
INFO: [ app_init ] --START--
INFO: Run Behavior\BuildLiteBehavior [ RunTime:0.000006s ]
INFO: [ app_init ] --END-- [ RunTime:0.000250s ]
INFO: [ app_begin ] --START--
INFO: Run Behavior\ReadHtmlCacheBehavior [ RunTime:0.000320s ]
INFO: [ app_begin ] --END-- [ RunTime:0.000338s ]
SQL: SHOW COLUMNS FROM `jw_category` [ RunTime:0.1266s ]
SQL: SHOW COLUMNS FROM `jw_pic_arr` [ RunTime:0.0074s ]
SQL: SHOW COLUMNS FROM `jw_admin_menu` [ RunTime:0.0207s ]
SQL: SELECT * FROM `jw_admin_menu` WHERE ( 1=1 ) ORDER BY pid asc,taxis desc  [ RunTime:0.0003s ]
SQL: SHOW COLUMNS FROM `jw_admin_group` [ RunTime:0.0050s ]
SQL: SELECT * FROM `jw_admin_group` WHERE ( id <> 1 ) ORDER BY taxis desc,id desc  [ RunTime:0.0002s ]
INFO: [ view_parse ] --START--
INFO: [ template_filter ] --START--
INFO: Run Behavior\ContentReplaceBehavior [ RunTime:0.000071s ]
INFO: [ template_filter ] --END-- [ RunTime:0.000091s ]
NOTIC: [8] Undefined variable: rs D:\phpstudy_pro\WWW\guan\Application\Runtime\Cache\Admin\1df9f112ca7385e62396e5bae7d916c1.php 第 100 行.
NOTIC: [8] Undefined index: submenu D:\phpstudy_pro\WWW\guan\Application\Runtime\Cache\Admin\1df9f112ca7385e62396e5bae7d916c1.php 第 136 行.
NOTIC: [8] Undefined index: submenu D:\phpstudy_pro\WWW\guan\Application\Runtime\Cache\Admin\1df9f112ca7385e62396e5bae7d916c1.php 第 136 行.
NOTIC: [8] Undefined index: submenu D:\phpstudy_pro\WWW\guan\Application\Runtime\Cache\Admin\1df9f112ca7385e62396e5bae7d916c1.php 第 136 行.
NOTIC: [8] Undefined index: submenu D:\phpstudy_pro\WWW\guan\Application\Runtime\Cache\Admin\1df9f112ca7385e62396e5bae7d916c1.php 第 136 行.
NOTIC: [8] Undefined index: submenu D:\phpstudy_pro\WWW\guan\Application\Runtime\Cache\Admin\1df9f112ca7385e62396e5bae7d916c1.php 第 136 行.
NOTIC: [8] Undefined variable: rs D:\phpstudy_pro\WWW\guan\Application\Runtime\Cache\Admin\1df9f112ca7385e62396e5bae7d916c1.php 第 100 行.
NOTIC: [8] Undefined index: submenu D:\phpstudy_pro\WWW\guan\Application\Runtime\Cache\Admin\1df9f112ca7385e62396e5bae7d916c1.php 第 103 行.
NOTIC: [8] Undefined index: submenu D:\phpstudy_pro\WWW\guan\Application\Runtime\Cache\Admin\1df9f112ca7385e62396e5bae7d916c1.php 第 134 行.
NOTIC: [8] Undefined variable: rs D:\phpstudy_pro\WWW\guan\Application\Runtime\Cache\Admin\1df9f112ca7385e62396e5bae7d916c1.php 第 100 行.
NOTIC: [8] Undefined index: submenu D:\phpstudy_pro\WWW\guan\Application\Runtime\Cache\Admin\1df9f112ca7385e62396e5bae7d916c1.php 第 103 行.
NOTIC: [8] Undefined variable: focusid D:\phpstudy_pro\WWW\guan\Application\Runtime\Cache\Admin\1df9f112ca7385e62396e5bae7d916c1.php 第 111 行.
SQL: SELECT * FROM `jw_category` WHERE ( 1=1 ) ORDER BY pid asc,taxis desc  [ RunTime:0.0004s ]
NOTIC: [8] Undefined variable: pidarr D:\phpstudy_pro\WWW\guan\Application\Admin\Common\function.php 第 152 行.
NOTIC: [2] in_array() expects parameter 2 to be array, null given D:\phpstudy_pro\WWW\guan\Application\Admin\Common\function.php 第 152 行.
NOTIC: [8] Undefined variable: pidarr D:\phpstudy_pro\WWW\guan\Application\Admin\Common\function.php 第 152 行.
NOTIC: [2] in_array() expects parameter 2 to be array, null given D:\phpstudy_pro\WWW\guan\Application\Admin\Common\function.php 第 152 行.
NOTIC: [8] Undefined variable: pidarr D:\phpstudy_pro\WWW\guan\Application\Admin\Common\function.php 第 152 行.
NOTIC: [2] in_array() expects parameter 2 to be array, null given D:\phpstudy_pro\WWW\guan\Application\Admin\Common\function.php 第 152 行.
NOTIC: [8] Undefined variable: pidarr D:\phpstudy_pro\WWW\guan\Application\Admin\Common\function.php 第 152 行.
NOTIC: [2] in_array() expects parameter 2 to be array, null given D:\phpstudy_pro\WWW\guan\Application\Admin\Common\function.php 第 152 行.
NOTIC: [8] Undefined variable: pidarr D:\phpstudy_pro\WWW\guan\Application\Admin\Common\function.php 第 152 行.
NOTIC: [2] in_array() expects parameter 2 to be array, null given D:\phpstudy_pro\WWW\guan\Application\Admin\Common\function.php 第 152 行.
NOTIC: [8] Undefined variable: pidarr D:\phpstudy_pro\WWW\guan\Application\Admin\Common\function.php 第 152 行.
NOTIC: [2] in_array() expects parameter 2 to be array, null given D:\phpstudy_pro\WWW\guan\Application\Admin\Common\function.php 第 152 行.
NOTIC: [8] Undefined variable: pidarr D:\phpstudy_pro\WWW\guan\Application\Admin\Common\function.php 第 152 行.
NOTIC: [2] in_array() expects parameter 2 to be array, null given D:\phpstudy_pro\WWW\guan\Application\Admin\Common\function.php 第 152 行.
NOTIC: [8] Undefined variable: pidarr D:\phpstudy_pro\WWW\guan\Application\Admin\Common\function.php 第 152 行.
NOTIC: [2] in_array() expects parameter 2 to be array, null given D:\phpstudy_pro\WWW\guan\Application\Admin\Common\function.php 第 152 行.
NOTIC: [8] Undefined variable: pidarr D:\phpstudy_pro\WWW\guan\Application\Admin\Common\function.php 第 152 行.
NOTIC: [2] in_array() expects parameter 2 to be array, null given D:\phpstudy_pro\WWW\guan\Application\Admin\Common\function.php 第 152 行.
NOTIC: [8] Undefined variable: pidarr D:\phpstudy_pro\WWW\guan\Application\Admin\Common\function.php 第 152 行.
NOTIC: [2] in_array() expects parameter 2 to be array, null given D:\phpstudy_pro\WWW\guan\Application\Admin\Common\function.php 第 152 行.
NOTIC: [8] Undefined variable: pidarr D:\phpstudy_pro\WWW\guan\Application\Admin\Common\function.php 第 152 行.
NOTIC: [2] in_array() expects parameter 2 to be array, null given D:\phpstudy_pro\WWW\guan\Application\Admin\Common\function.php 第 152 行.
NOTIC: [8] Undefined variable: pidarr D:\phpstudy_pro\WWW\guan\Application\Admin\Common\function.php 第 152 行.
NOTIC: [2] in_array() expects parameter 2 to be array, null given D:\phpstudy_pro\WWW\guan\Application\Admin\Common\function.php 第 152 行.
NOTIC: [8] Undefined variable: pidarr D:\phpstudy_pro\WWW\guan\Application\Admin\Common\function.php 第 152 行.
NOTIC: [2] in_array() expects parameter 2 to be array, null given D:\phpstudy_pro\WWW\guan\Application\Admin\Common\function.php 第 152 行.
NOTIC: [8] Undefined variable: pidarr D:\phpstudy_pro\WWW\guan\Application\Admin\Common\function.php 第 152 行.
NOTIC: [2] in_array() expects parameter 2 to be array, null given D:\phpstudy_pro\WWW\guan\Application\Admin\Common\function.php 第 152 行.
NOTIC: [8] Undefined variable: pidarr D:\phpstudy_pro\WWW\guan\Application\Admin\Common\function.php 第 152 行.
NOTIC: [2] in_array() expects parameter 2 to be array, null given D:\phpstudy_pro\WWW\guan\Application\Admin\Common\function.php 第 152 行.
NOTIC: [8] Undefined variable: pidarr D:\phpstudy_pro\WWW\guan\Application\Admin\Common\function.php 第 152 行.
NOTIC: [2] in_array() expects parameter 2 to be array, null given D:\phpstudy_pro\WWW\guan\Application\Admin\Common\function.php 第 152 行.
NOTIC: [8] Undefined variable: pidarr D:\phpstudy_pro\WWW\guan\Application\Admin\Common\function.php 第 152 行.
NOTIC: [2] in_array() expects parameter 2 to be array, null given D:\phpstudy_pro\WWW\guan\Application\Admin\Common\function.php 第 152 行.
NOTIC: [8] Undefined variable: pidarr D:\phpstudy_pro\WWW\guan\Application\Admin\Common\function.php 第 152 行.
NOTIC: [2] in_array() expects parameter 2 to be array, null given D:\phpstudy_pro\WWW\guan\Application\Admin\Common\function.php 第 152 行.
NOTIC: [8] Undefined variable: pidarr D:\phpstudy_pro\WWW\guan\Application\Admin\Common\function.php 第 152 行.
NOTIC: [2] in_array() expects parameter 2 to be array, null given D:\phpstudy_pro\WWW\guan\Application\Admin\Common\function.php 第 152 行.
NOTIC: [2] Use of undefined constant submenu - assumed 'submenu' (this will throw an Error in a future version of PHP) D:\phpstudy_pro\WWW\guan\Application\Runtime\Cache\Admin\1df9f112ca7385e62396e5bae7d916c1.php 第 117 行.
NOTIC: [2] Use of undefined constant submenu - assumed 'submenu' (this will throw an Error in a future version of PHP) D:\phpstudy_pro\WWW\guan\Application\Runtime\Cache\Admin\1df9f112ca7385e62396e5bae7d916c1.php 第 118 行.
NOTIC: [2] Use of undefined constant submenu - assumed 'submenu' (this will throw an Error in a future version of PHP) D:\phpstudy_pro\WWW\guan\Application\Runtime\Cache\Admin\1df9f112ca7385e62396e5bae7d916c1.php 第 118 行.
NOTIC: [2] Use of undefined constant submenu - assumed 'submenu' (this will throw an Error in a future version of PHP) D:\phpstudy_pro\WWW\guan\Application\Runtime\Cache\Admin\1df9f112ca7385e62396e5bae7d916c1.php 第 120 行.
NOTIC: [8] Undefined index: submenu D:\phpstudy_pro\WWW\guan\Application\Runtime\Cache\Admin\1df9f112ca7385e62396e5bae7d916c1.php 第 120 行.
NOTIC: [2] Use of undefined constant submenu - assumed 'submenu' (this will throw an Error in a future version of PHP) D:\phpstudy_pro\WWW\guan\Application\Runtime\Cache\Admin\1df9f112ca7385e62396e5bae7d916c1.php 第 120 行.
NOTIC: [8] Undefined index: submenu D:\phpstudy_pro\WWW\guan\Application\Runtime\Cache\Admin\1df9f112ca7385e62396e5bae7d916c1.php 第 120 行.
NOTIC: [2] Use of undefined constant submenu - assumed 'submenu' (this will throw an Error in a future version of PHP) D:\phpstudy_pro\WWW\guan\Application\Runtime\Cache\Admin\1df9f112ca7385e62396e5bae7d916c1.php 第 120 行.
NOTIC: [8] Undefined index: submenu D:\phpstudy_pro\WWW\guan\Application\Runtime\Cache\Admin\1df9f112ca7385e62396e5bae7d916c1.php 第 120 行.
NOTIC: [2] Use of undefined constant submenu - assumed 'submenu' (this will throw an Error in a future version of PHP) D:\phpstudy_pro\WWW\guan\Application\Runtime\Cache\Admin\1df9f112ca7385e62396e5bae7d916c1.php 第 120 行.
NOTIC: [8] Undefined index: submenu D:\phpstudy_pro\WWW\guan\Application\Runtime\Cache\Admin\1df9f112ca7385e62396e5bae7d916c1.php 第 120 行.
NOTIC: [2] Use of undefined constant submenu - assumed 'submenu' (this will throw an Error in a future version of PHP) D:\phpstudy_pro\WWW\guan\Application\Runtime\Cache\Admin\1df9f112ca7385e62396e5bae7d916c1.php 第 120 行.
NOTIC: [8] Undefined index: submenu D:\phpstudy_pro\WWW\guan\Application\Runtime\Cache\Admin\1df9f112ca7385e62396e5bae7d916c1.php 第 120 行.
NOTIC: [2] Use of undefined constant submenu - assumed 'submenu' (this will throw an Error in a future version of PHP) D:\phpstudy_pro\WWW\guan\Application\Runtime\Cache\Admin\1df9f112ca7385e62396e5bae7d916c1.php 第 120 行.
NOTIC: [8] Undefined index: submenu D:\phpstudy_pro\WWW\guan\Application\Runtime\Cache\Admin\1df9f112ca7385e62396e5bae7d916c1.php 第 120 行.
NOTIC: [2] Use of undefined constant submenu - assumed 'submenu' (this will throw an Error in a future version of PHP) D:\phpstudy_pro\WWW\guan\Application\Runtime\Cache\Admin\1df9f112ca7385e62396e5bae7d916c1.php 第 117 行.
NOTIC: [2] Use of undefined constant submenu - assumed 'submenu' (this will throw an Error in a future version of PHP) D:\phpstudy_pro\WWW\guan\Application\Runtime\Cache\Admin\1df9f112ca7385e62396e5bae7d916c1.php 第 118 行.
NOTIC: [2] Use of undefined constant submenu - assumed 'submenu' (this will throw an Error in a future version of PHP) D:\phpstudy_pro\WWW\guan\Application\Runtime\Cache\Admin\1df9f112ca7385e62396e5bae7d916c1.php 第 118 行.
NOTIC: [2] Use of undefined constant submenu - assumed 'submenu' (this will throw an Error in a future version of PHP) D:\phpstudy_pro\WWW\guan\Application\Runtime\Cache\Admin\1df9f112ca7385e62396e5bae7d916c1.php 第 120 行.
NOTIC: [8] Undefined index: submenu D:\phpstudy_pro\WWW\guan\Application\Runtime\Cache\Admin\1df9f112ca7385e62396e5bae7d916c1.php 第 120 行.
NOTIC: [2] Use of undefined constant submenu - assumed 'submenu' (this will throw an Error in a future version of PHP) D:\phpstudy_pro\WWW\guan\Application\Runtime\Cache\Admin\1df9f112ca7385e62396e5bae7d916c1.php 第 120 行.
NOTIC: [8] Undefined index: submenu D:\phpstudy_pro\WWW\guan\Application\Runtime\Cache\Admin\1df9f112ca7385e62396e5bae7d916c1.php 第 120 行.
NOTIC: [2] Use of undefined constant submenu - assumed 'submenu' (this will throw an Error in a future version of PHP) D:\phpstudy_pro\WWW\guan\Application\Runtime\Cache\Admin\1df9f112ca7385e62396e5bae7d916c1.php 第 117 行.
NOTIC: [2] Use of undefined constant submenu - assumed 'submenu' (this will throw an Error in a future version of PHP) D:\phpstudy_pro\WWW\guan\Application\Runtime\Cache\Admin\1df9f112ca7385e62396e5bae7d916c1.php 第 118 行.
NOTIC: [2] Use of undefined constant submenu - assumed 'submenu' (this will throw an Error in a future version of PHP) D:\phpstudy_pro\WWW\guan\Application\Runtime\Cache\Admin\1df9f112ca7385e62396e5bae7d916c1.php 第 118 行.
NOTIC: [2] Use of undefined constant submenu - assumed 'submenu' (this will throw an Error in a future version of PHP) D:\phpstudy_pro\WWW\guan\Application\Runtime\Cache\Admin\1df9f112ca7385e62396e5bae7d916c1.php 第 120 行.
NOTIC: [8] Undefined index: submenu D:\phpstudy_pro\WWW\guan\Application\Runtime\Cache\Admin\1df9f112ca7385e62396e5bae7d916c1.php 第 120 行.
NOTIC: [2] Use of undefined constant submenu - assumed 'submenu' (this will throw an Error in a future version of PHP) D:\phpstudy_pro\WWW\guan\Application\Runtime\Cache\Admin\1df9f112ca7385e62396e5bae7d916c1.php 第 120 行.
NOTIC: [8] Undefined index: submenu D:\phpstudy_pro\WWW\guan\Application\Runtime\Cache\Admin\1df9f112ca7385e62396e5bae7d916c1.php 第 120 行.
NOTIC: [2] Use of undefined constant submenu - assumed 'submenu' (this will throw an Error in a future version of PHP) D:\phpstudy_pro\WWW\guan\Application\Runtime\Cache\Admin\1df9f112ca7385e62396e5bae7d916c1.php 第 120 行.
NOTIC: [8] Undefined index: submenu D:\phpstudy_pro\WWW\guan\Application\Runtime\Cache\Admin\1df9f112ca7385e62396e5bae7d916c1.php 第 120 行.
NOTIC: [2] Use of undefined constant submenu - assumed 'submenu' (this will throw an Error in a future version of PHP) D:\phpstudy_pro\WWW\guan\Application\Runtime\Cache\Admin\1df9f112ca7385e62396e5bae7d916c1.php 第 120 行.
NOTIC: [8] Undefined index: submenu D:\phpstudy_pro\WWW\guan\Application\Runtime\Cache\Admin\1df9f112ca7385e62396e5bae7d916c1.php 第 120 行.
NOTIC: [2] Use of undefined constant submenu - assumed 'submenu' (this will throw an Error in a future version of PHP) D:\phpstudy_pro\WWW\guan\Application\Runtime\Cache\Admin\1df9f112ca7385e62396e5bae7d916c1.php 第 120 行.
NOTIC: [8] Undefined index: submenu D:\phpstudy_pro\WWW\guan\Application\Runtime\Cache\Admin\1df9f112ca7385e62396e5bae7d916c1.php 第 120 行.
NOTIC: [2] Use of undefined constant submenu - assumed 'submenu' (this will throw an Error in a future version of PHP) D:\phpstudy_pro\WWW\guan\Application\Runtime\Cache\Admin\1df9f112ca7385e62396e5bae7d916c1.php 第 120 行.
NOTIC: [8] Undefined index: submenu D:\phpstudy_pro\WWW\guan\Application\Runtime\Cache\Admin\1df9f112ca7385e62396e5bae7d916c1.php 第 120 行.
NOTIC: [2] Use of undefined constant submenu - assumed 'submenu' (this will throw an Error in a future version of PHP) D:\phpstudy_pro\WWW\guan\Application\Runtime\Cache\Admin\1df9f112ca7385e62396e5bae7d916c1.php 第 117 行.
NOTIC: [8] Undefined index: submenu D:\phpstudy_pro\WWW\guan\Application\Runtime\Cache\Admin\1df9f112ca7385e62396e5bae7d916c1.php 第 117 行.
NOTIC: [2] Use of undefined constant submenu - assumed 'submenu' (this will throw an Error in a future version of PHP) D:\phpstudy_pro\WWW\guan\Application\Runtime\Cache\Admin\1df9f112ca7385e62396e5bae7d916c1.php 第 117 行.
NOTIC: [8] Undefined index: submenu D:\phpstudy_pro\WWW\guan\Application\Runtime\Cache\Admin\1df9f112ca7385e62396e5bae7d916c1.php 第 117 行.
NOTIC: [8] Undefined index: submenu D:\phpstudy_pro\WWW\guan\Application\Runtime\Cache\Admin\1df9f112ca7385e62396e5bae7d916c1.php 第 134 行.
NOTIC: [8] Undefined variable: rs D:\phpstudy_pro\WWW\guan\Application\Runtime\Cache\Admin\1df9f112ca7385e62396e5bae7d916c1.php 第 100 行.
NOTIC: [8] Undefined index: submenu D:\phpstudy_pro\WWW\guan\Application\Runtime\Cache\Admin\1df9f112ca7385e62396e5bae7d916c1.php 第 136 行.
NOTIC: [8] Undefined index: submenu D:\phpstudy_pro\WWW\guan\Application\Runtime\Cache\Admin\1df9f112ca7385e62396e5bae7d916c1.php 第 136 行.
NOTIC: [8] Undefined variable: rs D:\phpstudy_pro\WWW\guan\Application\Runtime\Cache\Admin\1df9f112ca7385e62396e5bae7d916c1.php 第 100 行.
NOTIC: [8] Undefined index: submenu D:\phpstudy_pro\WWW\guan\Application\Runtime\Cache\Admin\1df9f112ca7385e62396e5bae7d916c1.php 第 136 行.
INFO: Run Behavior\ParseTemplateBehavior [ RunTime:0.011530s ]
INFO: [ view_parse ] --END-- [ RunTime:0.011545s ]
INFO: [ view_filter ] --START--
INFO: Run Behavior\WriteHtmlCacheBehavior [ RunTime:0.000166s ]
INFO: [ view_filter ] --END-- [ RunTime:0.000179s ]
INFO: [ app_end ] --START--
INFO: Run Behavior\ShowPageTraceBehavior [ RunTime:0.000538s ]
INFO: [ app_end ] --END-- [ RunTime:0.000576s ]

[ 2020-04-20T17:49:50+08:00 ] 127.0.0.1 /admin.php/Role/usergroup.html
INFO: [ app_init ] --START--
INFO: Run Behavior\BuildLiteBehavior [ RunTime:0.000006s ]
INFO: [ app_init ] --END-- [ RunTime:0.000241s ]
INFO: [ app_begin ] --START--
INFO: Run Behavior\ReadHtmlCacheBehavior [ RunTime:0.000305s ]
INFO: [ app_begin ] --END-- [ RunTime:0.000323s ]
SQL: SHOW COLUMNS FROM `jw_category` [ RunTime:0.0047s ]
SQL: SHOW COLUMNS FROM `jw_pic_arr` [ RunTime:0.0041s ]
SQL: SHOW COLUMNS FROM `jw_admin_menu` [ RunTime:0.0041s ]
SQL: SELECT * FROM `jw_admin_menu` WHERE ( 1=1 ) ORDER BY pid asc,taxis desc  [ RunTime:0.0003s ]
SQL: SHOW COLUMNS FROM `jw_admin_group` [ RunTime:0.0038s ]
SQL: SELECT * FROM `jw_admin_group` WHERE ( id <> 1 ) ORDER BY taxis desc,id desc  [ RunTime:0.0003s ]
INFO: [ view_parse ] --START--
INFO: [ template_filter ] --START--
INFO: Run Behavior\ContentReplaceBehavior [ RunTime:0.000074s ]
INFO: [ template_filter ] --END-- [ RunTime:0.000096s ]
NOTIC: [8] Undefined variable: rs D:\phpstudy_pro\WWW\guan\Application\Runtime\Cache\Admin\1df9f112ca7385e62396e5bae7d916c1.php 第 100 行.
NOTIC: [8] Undefined index: submenu D:\phpstudy_pro\WWW\guan\Application\Runtime\Cache\Admin\1df9f112ca7385e62396e5bae7d916c1.php 第 136 行.
NOTIC: [8] Undefined index: submenu D:\phpstudy_pro\WWW\guan\Application\Runtime\Cache\Admin\1df9f112ca7385e62396e5bae7d916c1.php 第 136 行.
NOTIC: [8] Undefined index: submenu D:\phpstudy_pro\WWW\guan\Application\Runtime\Cache\Admin\1df9f112ca7385e62396e5bae7d916c1.php 第 136 行.
NOTIC: [8] Undefined index: submenu D:\phpstudy_pro\WWW\guan\Application\Runtime\Cache\Admin\1df9f112ca7385e62396e5bae7d916c1.php 第 136 行.
NOTIC: [8] Undefined index: submenu D:\phpstudy_pro\WWW\guan\Application\Runtime\Cache\Admin\1df9f112ca7385e62396e5bae7d916c1.php 第 136 行.
NOTIC: [8] Undefined variable: rs D:\phpstudy_pro\WWW\guan\Application\Runtime\Cache\Admin\1df9f112ca7385e62396e5bae7d916c1.php 第 100 行.
NOTIC: [8] Undefined index: submenu D:\phpstudy_pro\WWW\guan\Application\Runtime\Cache\Admin\1df9f112ca7385e62396e5bae7d916c1.php 第 103 行.
NOTIC: [8] Undefined index: submenu D:\phpstudy_pro\WWW\guan\Application\Runtime\Cache\Admin\1df9f112ca7385e62396e5bae7d916c1.php 第 134 行.
NOTIC: [8] Undefined variable: rs D:\phpstudy_pro\WWW\guan\Application\Runtime\Cache\Admin\1df9f112ca7385e62396e5bae7d916c1.php 第 100 行.
NOTIC: [8] Undefined index: submenu D:\phpstudy_pro\WWW\guan\Application\Runtime\Cache\Admin\1df9f112ca7385e62396e5bae7d916c1.php 第 103 行.
NOTIC: [8] Undefined variable: focusid D:\phpstudy_pro\WWW\guan\Application\Runtime\Cache\Admin\1df9f112ca7385e62396e5bae7d916c1.php 第 111 行.
SQL: SELECT * FROM `jw_category` WHERE ( 1=1 ) ORDER BY pid asc,taxis desc  [ RunTime:0.0005s ]
NOTIC: [8] Undefined variable: pidarr D:\phpstudy_pro\WWW\guan\Application\Admin\Common\function.php 第 152 行.
NOTIC: [2] in_array() expects parameter 2 to be array, null given D:\phpstudy_pro\WWW\guan\Application\Admin\Common\function.php 第 152 行.
NOTIC: [8] Undefined variable: pidarr D:\phpstudy_pro\WWW\guan\Application\Admin\Common\function.php 第 152 行.
NOTIC: [2] in_array() expects parameter 2 to be array, null given D:\phpstudy_pro\WWW\guan\Application\Admin\Common\function.php 第 152 行.
NOTIC: [8] Undefined variable: pidarr D:\phpstudy_pro\WWW\guan\Application\Admin\Common\function.php 第 152 行.
NOTIC: [2] in_array() expects parameter 2 to be array, null given D:\phpstudy_pro\WWW\guan\Application\Admin\Common\function.php 第 152 行.
NOTIC: [8] Undefined variable: pidarr D:\phpstudy_pro\WWW\guan\Application\Admin\Common\function.php 第 152 行.
NOTIC: [2] in_array() expects parameter 2 to be array, null given D:\phpstudy_pro\WWW\guan\Application\Admin\Common\function.php 第 152 行.
NOTIC: [8] Undefined variable: pidarr D:\phpstudy_pro\WWW\guan\Application\Admin\Common\function.php 第 152 行.
NOTIC: [2] in_array() expects parameter 2 to be array, null given D:\phpstudy_pro\WWW\guan\Application\Admin\Common\function.php 第 152 行.
NOTIC: [8] Undefined variable: pidarr D:\phpstudy_pro\WWW\guan\Application\Admin\Common\function.php 第 152 行.
NOTIC: [2] in_array() expects parameter 2 to be array, null given D:\phpstudy_pro\WWW\guan\Application\Admin\Common\function.php 第 152 行.
NOTIC: [8] Undefined variable: pidarr D:\phpstudy_pro\WWW\guan\Application\Admin\Common\function.php 第 152 行.
NOTIC: [2] in_array() expects parameter 2 to be array, null given D:\phpstudy_pro\WWW\guan\Application\Admin\Common\function.php 第 152 行.
NOTIC: [8] Undefined variable: pidarr D:\phpstudy_pro\WWW\guan\Application\Admin\Common\function.php 第 152 行.
NOTIC: [2] in_array() expects parameter 2 to be array, null given D:\phpstudy_pro\WWW\guan\Application\Admin\Common\function.php 第 152 行.
NOTIC: [8] Undefined variable: pidarr D:\phpstudy_pro\WWW\guan\Application\Admin\Common\function.php 第 152 行.
NOTIC: [2] in_array() expects parameter 2 to be array, null given D:\phpstudy_pro\WWW\guan\Application\Admin\Common\function.php 第 152 行.
NOTIC: [8] Undefined variable: pidarr D:\phpstudy_pro\WWW\guan\Application\Admin\Common\function.php 第 152 行.
NOTIC: [2] in_array() expects parameter 2 to be array, null given D:\phpstudy_pro\WWW\guan\Application\Admin\Common\function.php 第 152 行.
NOTIC: [8] Undefined variable: pidarr D:\phpstudy_pro\WWW\guan\Application\Admin\Common\function.php 第 152 行.
NOTIC: [2] in_array() expects parameter 2 to be array, null given D:\phpstudy_pro\WWW\guan\Application\Admin\Common\function.php 第 152 行.
NOTIC: [8] Undefined variable: pidarr D:\phpstudy_pro\WWW\guan\Application\Admin\Common\function.php 第 152 行.
NOTIC: [2] in_array() expects parameter 2 to be array, null given D:\phpstudy_pro\WWW\guan\Application\Admin\Common\function.php 第 152 行.
NOTIC: [8] Undefined variable: pidarr D:\phpstudy_pro\WWW\guan\Application\Admin\Common\function.php 第 152 行.
NOTIC: [2] in_array() expects parameter 2 to be array, null given D:\phpstudy_pro\WWW\guan\Application\Admin\Common\function.php 第 152 行.
NOTIC: [8] Undefined variable: pidarr D:\phpstudy_pro\WWW\guan\Application\Admin\Common\function.php 第 152 行.
NOTIC: [2] in_array() expects parameter 2 to be array, null given D:\phpstudy_pro\WWW\guan\Application\Admin\Common\function.php 第 152 行.
NOTIC: [8] Undefined variable: pidarr D:\phpstudy_pro\WWW\guan\Application\Admin\Common\function.php 第 152 行.
NOTIC: [2] in_array() expects parameter 2 to be array, null given D:\phpstudy_pro\WWW\guan\Application\Admin\Common\function.php 第 152 行.
NOTIC: [8] Undefined variable: pidarr D:\phpstudy_pro\WWW\guan\Application\Admin\Common\function.php 第 152 行.
NOTIC: [2] in_array() expects parameter 2 to be array, null given D:\phpstudy_pro\WWW\guan\Application\Admin\Common\function.php 第 152 行.
NOTIC: [8] Undefined variable: pidarr D:\phpstudy_pro\WWW\guan\Application\Admin\Common\function.php 第 152 行.
NOTIC: [2] in_array() expects parameter 2 to be array, null given D:\phpstudy_pro\WWW\guan\Application\Admin\Common\function.php 第 152 行.
NOTIC: [8] Undefined variable: pidarr D:\phpstudy_pro\WWW\guan\Application\Admin\Common\function.php 第 152 行.
NOTIC: [2] in_array() expects parameter 2 to be array, null given D:\phpstudy_pro\WWW\guan\Application\Admin\Common\function.php 第 152 行.
NOTIC: [8] Undefined variable: pidarr D:\phpstudy_pro\WWW\guan\Application\Admin\Common\function.php 第 152 行.
NOTIC: [2] in_array() expects parameter 2 to be array, null given D:\phpstudy_pro\WWW\guan\Application\Admin\Common\function.php 第 152 行.
NOTIC: [2] Use of undefined constant submenu - assumed 'submenu' (this will throw an Error in a future version of PHP) D:\phpstudy_pro\WWW\guan\Application\Runtime\Cache\Admin\1df9f112ca7385e62396e5bae7d916c1.php 第 117 行.
NOTIC: [2] Use of undefined constant submenu - assumed 'submenu' (this will throw an Error in a future version of PHP) D:\phpstudy_pro\WWW\guan\Application\Runtime\Cache\Admin\1df9f112ca7385e62396e5bae7d916c1.php 第 118 行.
NOTIC: [2] Use of undefined constant submenu - assumed 'submenu' (this will throw an Error in a future version of PHP) D:\phpstudy_pro\WWW\guan\Application\Runtime\Cache\Admin\1df9f112ca7385e62396e5bae7d916c1.php 第 118 行.
NOTIC: [2] Use of undefined constant submenu - assumed 'submenu' (this will throw an Error in a future version of PHP) D:\phpstudy_pro\WWW\guan\Application\Runtime\Cache\Admin\1df9f112ca7385e62396e5bae7d916c1.php 第 120 行.
NOTIC: [8] Undefined index: submenu D:\phpstudy_pro\WWW\guan\Application\Runtime\Cache\Admin\1df9f112ca7385e62396e5bae7d916c1.php 第 120 行.
NOTIC: [2] Use of undefined constant submenu - assumed 'submenu' (this will throw an Error in a future version of PHP) D:\phpstudy_pro\WWW\guan\Application\Runtime\Cache\Admin\1df9f112ca7385e62396e5bae7d916c1.php 第 120 行.
NOTIC: [8] Undefined index: submenu D:\phpstudy_pro\WWW\guan\Application\Runtime\Cache\Admin\1df9f112ca7385e62396e5bae7d916c1.php 第 120 行.
NOTIC: [2] Use of undefined constant submenu - assumed 'submenu' (this will throw an Error in a future version of PHP) D:\phpstudy_pro\WWW\guan\Application\Runtime\Cache\Admin\1df9f112ca7385e62396e5bae7d916c1.php 第 120 行.
NOTIC: [8] Undefined index: submenu D:\phpstudy_pro\WWW\guan\Application\Runtime\Cache\Admin\1df9f112ca7385e62396e5bae7d916c1.php 第 120 行.
NOTIC: [2] Use of undefined constant submenu - assumed 'submenu' (this will throw an Error in a future version of PHP) D:\phpstudy_pro\WWW\guan\Application\Runtime\Cache\Admin\1df9f112ca7385e62396e5bae7d916c1.php 第 120 行.
NOTIC: [8] Undefined index: submenu D:\phpstudy_pro\WWW\guan\Application\Runtime\Cache\Admin\1df9f112ca7385e62396e5bae7d916c1.php 第 120 行.
NOTIC: [2] Use of undefined constant submenu - assumed 'submenu' (this will throw an Error in a future version of PHP) D:\phpstudy_pro\WWW\guan\Application\Runtime\Cache\Admin\1df9f112ca7385e62396e5bae7d916c1.php 第 120 行.
NOTIC: [8] Undefined index: submenu D:\phpstudy_pro\WWW\guan\Application\Runtime\Cache\Admin\1df9f112ca7385e62396e5bae7d916c1.php 第 120 行.
NOTIC: [2] Use of undefined constant submenu - assumed 'submenu' (this will throw an Error in a future version of PHP) D:\phpstudy_pro\WWW\guan\Application\Runtime\Cache\Admin\1df9f112ca7385e62396e5bae7d916c1.php 第 120 行.
NOTIC: [8] Undefined index: submenu D:\phpstudy_pro\WWW\guan\Application\Runtime\Cache\Admin\1df9f112ca7385e62396e5bae7d916c1.php 第 120 行.
NOTIC: [2] Use of undefined constant submenu - assumed 'submenu' (this will throw an Error in a future version of PHP) D:\phpstudy_pro\WWW\guan\Application\Runtime\Cache\Admin\1df9f112ca7385e62396e5bae7d916c1.php 第 117 行.
NOTIC: [2] Use of undefined constant submenu - assumed 'submenu' (this will throw an Error in a future version of PHP) D:\phpstudy_pro\WWW\guan\Application\Runtime\Cache\Admin\1df9f112ca7385e62396e5bae7d916c1.php 第 118 行.
NOTIC: [2] Use of undefined constant submenu - assumed 'submenu' (this will throw an Error in a future version of PHP) D:\phpstudy_pro\WWW\guan\Application\Runtime\Cache\Admin\1df9f112ca7385e62396e5bae7d916c1.php 第 118 行.
NOTIC: [2] Use of undefined constant submenu - assumed 'submenu' (this will throw an Error in a future version of PHP) D:\phpstudy_pro\WWW\guan\Application\Runtime\Cache\Admin\1df9f112ca7385e62396e5bae7d916c1.php 第 120 行.
NOTIC: [8] Undefined index: submenu D:\phpstudy_pro\WWW\guan\Application\Runtime\Cache\Admin\1df9f112ca7385e62396e5bae7d916c1.php 第 120 行.
NOTIC: [2] Use of undefined constant submenu - assumed 'submenu' (this will throw an Error in a future version of PHP) D:\phpstudy_pro\WWW\guan\Application\Runtime\Cache\Admin\1df9f112ca7385e62396e5bae7d916c1.php 第 120 行.
NOTIC: [8] Undefined index: submenu D:\phpstudy_pro\WWW\guan\Application\Runtime\Cache\Admin\1df9f112ca7385e62396e5bae7d916c1.php 第 120 行.
NOTIC: [2] Use of undefined constant submenu - assumed 'submenu' (this will throw an Error in a future version of PHP) D:\phpstudy_pro\WWW\guan\Application\Runtime\Cache\Admin\1df9f112ca7385e62396e5bae7d916c1.php 第 117 行.
NOTIC: [2] Use of undefined constant submenu - assumed 'submenu' (this will throw an Error in a future version of PHP) D:\phpstudy_pro\WWW\guan\Application\Runtime\Cache\Admin\1df9f112ca7385e62396e5bae7d916c1.php 第 118 行.
NOTIC: [2] Use of undefined constant submenu - assumed 'submenu' (this will throw an Error in a future version of PHP) D:\phpstudy_pro\WWW\guan\Application\Runtime\Cache\Admin\1df9f112ca7385e62396e5bae7d916c1.php 第 118 行.
NOTIC: [2] Use of undefined constant submenu - assumed 'submenu' (this will throw an Error in a future version of PHP) D:\phpstudy_pro\WWW\guan\Application\Runtime\Cache\Admin\1df9f112ca7385e62396e5bae7d916c1.php 第 120 行.
NOTIC: [8] Undefined index: submenu D:\phpstudy_pro\WWW\guan\Application\Runtime\Cache\Admin\1df9f112ca7385e62396e5bae7d916c1.php 第 120 行.
NOTIC: [2] Use of undefined constant submenu - assumed 'submenu' (this will throw an Error in a future version of PHP) D:\phpstudy_pro\WWW\guan\Application\Runtime\Cache\Admin\1df9f112ca7385e62396e5bae7d916c1.php 第 120 行.
NOTIC: [8] Undefined index: submenu D:\phpstudy_pro\WWW\guan\Application\Runtime\Cache\Admin\1df9f112ca7385e62396e5bae7d916c1.php 第 120 行.
NOTIC: [2] Use of undefined constant submenu - assumed 'submenu' (this will throw an Error in a future version of PHP) D:\phpstudy_pro\WWW\guan\Application\Runtime\Cache\Admin\1df9f112ca7385e62396e5bae7d916c1.php 第 120 行.
NOTIC: [8] Undefined index: submenu D:\phpstudy_pro\WWW\guan\Application\Runtime\Cache\Admin\1df9f112ca7385e62396e5bae7d916c1.php 第 120 行.
NOTIC: [2] Use of undefined constant submenu - assumed 'submenu' (this will throw an Error in a future version of PHP) D:\phpstudy_pro\WWW\guan\Application\Runtime\Cache\Admin\1df9f112ca7385e62396e5bae7d916c1.php 第 120 行.
NOTIC: [8] Undefined index: submenu D:\phpstudy_pro\WWW\guan\Application\Runtime\Cache\Admin\1df9f112ca7385e62396e5bae7d916c1.php 第 120 行.
NOTIC: [2] Use of undefined constant submenu - assumed 'submenu' (this will throw an Error in a future version of PHP) D:\phpstudy_pro\WWW\guan\Application\Runtime\Cache\Admin\1df9f112ca7385e62396e5bae7d916c1.php 第 120 行.
NOTIC: [8] Undefined index: submenu D:\phpstudy_pro\WWW\guan\Application\Runtime\Cache\Admin\1df9f112ca7385e62396e5bae7d916c1.php 第 120 行.
NOTIC: [2] Use of undefined constant submenu - assumed 'submenu' (this will throw an Error in a future version of PHP) D:\phpstudy_pro\WWW\guan\Application\Runtime\Cache\Admin\1df9f112ca7385e62396e5bae7d916c1.php 第 120 行.
NOTIC: [8] Undefined index: submenu D:\phpstudy_pro\WWW\guan\Application\Runtime\Cache\Admin\1df9f112ca7385e62396e5bae7d916c1.php 第 120 行.
NOTIC: [2] Use of undefined constant submenu - assumed 'submenu' (this will throw an Error in a future version of PHP) D:\phpstudy_pro\WWW\guan\Application\Runtime\Cache\Admin\1df9f112ca7385e62396e5bae7d916c1.php 第 117 行.
NOTIC: [8] Undefined index: submenu D:\phpstudy_pro\WWW\guan\Application\Runtime\Cache\Admin\1df9f112ca7385e62396e5bae7d916c1.php 第 117 行.
NOTIC: [2] Use of undefined constant submenu - assumed 'submenu' (this will throw an Error in a future version of PHP) D:\phpstudy_pro\WWW\guan\Application\Runtime\Cache\Admin\1df9f112ca7385e62396e5bae7d916c1.php 第 117 行.
NOTIC: [8] Undefined index: submenu D:\phpstudy_pro\WWW\guan\Application\Runtime\Cache\Admin\1df9f112ca7385e62396e5bae7d916c1.php 第 117 行.
NOTIC: [8] Undefined index: submenu D:\phpstudy_pro\WWW\guan\Application\Runtime\Cache\Admin\1df9f112ca7385e62396e5bae7d916c1.php 第 134 行.
NOTIC: [8] Undefined variable: rs D:\phpstudy_pro\WWW\guan\Application\Runtime\Cache\Admin\1df9f112ca7385e62396e5bae7d916c1.php 第 100 行.
NOTIC: [8] Undefined index: submenu D:\phpstudy_pro\WWW\guan\Application\Runtime\Cache\Admin\1df9f112ca7385e62396e5bae7d916c1.php 第 136 行.
NOTIC: [8] Undefined index: submenu D:\phpstudy_pro\WWW\guan\Application\Runtime\Cache\Admin\1df9f112ca7385e62396e5bae7d916c1.php 第 136 行.
NOTIC: [8] Undefined variable: rs D:\phpstudy_pro\WWW\guan\Application\Runtime\Cache\Admin\1df9f112ca7385e62396e5bae7d916c1.php 第 100 行.
NOTIC: [8] Undefined index: submenu D:\phpstudy_pro\WWW\guan\Application\Runtime\Cache\Admin\1df9f112ca7385e62396e5bae7d916c1.php 第 136 行.
INFO: Run Behavior\ParseTemplateBehavior [ RunTime:0.010156s ]
INFO: [ view_parse ] --END-- [ RunTime:0.010173s ]
INFO: [ view_filter ] --START--
INFO: Run Behavior\WriteHtmlCacheBehavior [ RunTime:0.000230s ]
INFO: [ view_filter ] --END-- [ RunTime:0.000245s ]
INFO: [ app_end ] --START--
INFO: Run Behavior\ShowPageTraceBehavior [ RunTime:0.000352s ]
INFO: [ app_end ] --END-- [ RunTime:0.000369s ]

[ 2020-04-20T17:49:51+08:00 ] 127.0.0.1 /admin.php/Role/getcatejson/groupid/2.html
INFO: [ app_init ] --START--
INFO: Run Behavior\BuildLiteBehavior [ RunTime:0.000006s ]
INFO: [ app_init ] --END-- [ RunTime:0.000297s ]
INFO: [ app_begin ] --START--
INFO: Run Behavior\ReadHtmlCacheBehavior [ RunTime:0.000270s ]
INFO: [ app_begin ] --END-- [ RunTime:0.000284s ]
SQL: SHOW COLUMNS FROM `jw_category` [ RunTime:0.0213s ]
SQL: SHOW COLUMNS FROM `jw_pic_arr` [ RunTime:0.0041s ]
SQL: SHOW COLUMNS FROM `jw_admin_menu` [ RunTime:0.0039s ]
SQL: SELECT * FROM `jw_admin_menu` WHERE ( 1=1 ) ORDER BY pid asc,taxis desc  [ RunTime:0.0004s ]
SQL: SHOW COLUMNS FROM `jw_admin_group` [ RunTime:0.0040s ]
SQL: SELECT `catearr` FROM `jw_admin_group` WHERE ( id=2 ) LIMIT 1   [ RunTime:0.0003s ]
SQL: SELECT * FROM `jw_category` WHERE ( 1=1 ) ORDER BY pid asc,taxis desc  [ RunTime:0.0004s ]
INFO: [ app_end ] --START--
INFO: Run Behavior\ShowPageTraceBehavior [ RunTime:0.000429s ]
INFO: [ app_end ] --END-- [ RunTime:0.000445s ]

